[Licensing::Module] Trying to connect to existing licensing client channel...
Built from '6000.3/staging' branch; Version is '6000.3.4f1 (fdd3b8998ec4) revision 16634808'; Using compiler version '194234433'; Build Type 'Release'
OS: 'Windows 11  (10.0.26200) Core' Language: 'en' Physical Memory: 32651 MB
BatchMode: 1, IsHumanControllingUs: 0, StartBugReporterOnCrash: 0, Is64bit: 1
[Licensing::IpcConnector] Successfully connected to: "LicenseClient-sande" at "2026-01-18T20:22:01.7945224Z"
System  architecture: x64
Process architecture: x64
Date: 2026-01-18T20:22:01Z

COMMAND LINE ARGUMENTS:
C:\Program Files\Unity\Hub\Editor\6000.3.4f1-x86_64\Editor\Unity.exe
-adb2
-batchMode
-noUpm
-name
AssetImportWorker17
-projectPath
C:/UnityProjects/Polarity-Pulse/Polarity Pulse
-logFile
Logs/AssetImportWorker17.log
-srvPort
63050
-licensingIpc
LicenseClient-sande
-job-worker-count
7
-background-job-worker-count
8
-gc-helper-count
1
-name
AssetImport
Successfully changed project path to: C:/UnityProjects/Polarity-Pulse/Polarity Pulse
C:/UnityProjects/Polarity-Pulse/Polarity Pulse
[UnityMemory] Configuration Parameters - Can be set up in boot.config
    "memorysetup-temp-allocator-size-nav-mesh-worker=65536"
    "memorysetup-temp-allocator-size-audio-worker=65536"
    "memorysetup-temp-allocator-size-gfx=262144"
    "memorysetup-allocator-temp-initial-block-size-main=262144"
    "memorysetup-allocator-temp-initial-block-size-worker=262144"
    "memorysetup-temp-allocator-size-background-worker=32768"
    "memorysetup-temp-allocator-size-job-worker=262144"
    "memorysetup-temp-allocator-size-preload-manager=33554432"
    "memorysetup-temp-allocator-size-gi-baking-worker=262144"
    "memorysetup-temp-allocator-size-gi-baking-worker=262144"
    "memorysetup-temp-allocator-size-gi-baking-worker=262144"
    "memorysetup-temp-allocator-size-gi-baking-worker=262144"
    "memorysetup-temp-allocator-size-gi-baking-worker=262144"
    "memorysetup-bucket-allocator-granularity=16"
    "memorysetup-bucket-allocator-bucket-count=8"
    "memorysetup-bucket-allocator-block-size=33554432"
    "memorysetup-bucket-allocator-block-count=8"
    "memorysetup-main-allocator-block-size=16777216"
    "memorysetup-thread-allocator-block-size=16777216"
    "memorysetup-gfx-main-allocator-block-size=16777216"
    "memorysetup-gfx-thread-allocator-block-size=16777216"
    "memorysetup-cache-allocator-block-size=4194304"
    "memorysetup-typetree-allocator-block-size=2097152"
    "memorysetup-profiler-bucket-allocator-granularity=16"
    "memorysetup-profiler-bucket-allocator-bucket-count=8"
    "memorysetup-profiler-bucket-allocator-block-size=33554432"
    "memorysetup-profiler-bucket-allocator-block-count=8"
    "memorysetup-profiler-allocator-block-size=16777216"
    "memorysetup-profiler-editor-allocator-block-size=1048576"
    "memorysetup-temp-allocator-size-main=16777216"
    "memorysetup-job-temp-allocator-block-size=2097152"
    "memorysetup-job-temp-allocator-block-size-background=1048576"
    "memorysetup-job-temp-allocator-reduction-small-platforms=262144"
    "memorysetup-temp-allocator-size-cloud-worker=32768"
Player connection [32504]  Target information:

Player connection [32504]  * "[IP] 172.16.25.2 [Port] 0 [Flags] 2 [Guid] 3659537082 [EditorId] 3659537082 [Version] 1048832 [Id] WindowsEditor(7,PETTAI) [Debug] 1 [PackageName] WindowsEditor [ProjectName] Editor" 

Player connection [32504] Host joined multi-casting on [225.0.0.222:54997]...
Player connection [32504] Host joined alternative multi-casting on [225.0.0.222:34997]...
JobSystem: Creating JobQueue using job-worker-count value 7
Input System module state changed to: Initialized.
[Physics::Module] Initialized fallback backend.
[Physics::Module] Id: 0xdecafbad
Library Redirect Path: Library/
[Physics::Module] Selected backend.
[Physics::Module] Name: PhysX
[Physics::Module] Id: 0xf2b8ea05
[Physics::Module] SDK Version: 4.1.2
[Physics::Module] Integration Version: 1.0.0
[Physics::Module] Threading Mode: Multi-Threaded
Refreshing native plugins compatible for Editor in 4.67 ms, found 4 plugins.
Preloading 0 native plugins for Editor in 0.00 ms.
Initialize engine version: 6000.3.4f1 (fdd3b8998ec4)
[Subsystems] Discovering subsystems at path C:/Program Files/Unity/Hub/Editor/6000.3.4f1-x86_64/Editor/Data/Resources/UnitySubsystems
[Subsystems] Discovering subsystems at path C:/UnityProjects/Polarity-Pulse/Polarity Pulse/Assets
GfxDevice: creating device client; kGfxThreadingModeNonThreaded
Direct3D:
    Version:  Direct3D 11.0 [level 11.1]
    Renderer: AMD Radeon RX 6800 (ID=0x73bf)
    Vendor:   ATI
    VRAM:     16337 MB
    Driver:   32.0.21037.1004
Initialize mono
Mono path[0] = 'C:/Program Files/Unity/Hub/Editor/6000.3.4f1-x86_64/Editor/Data/Managed'
Mono path[1] = 'C:/Program Files/Unity/Hub/Editor/6000.3.4f1-x86_64/Editor/Data/MonoBleedingEdge/lib/mono/unityjit-win32'
Mono config path = 'C:/Program Files/Unity/Hub/Editor/6000.3.4f1-x86_64/Editor/Data/MonoBleedingEdge/etc'
Using monoOptions --debugger-agent=transport=dt_socket,embedding=1,server=y,suspend=n,address=127.0.0.1:56068
Begin MonoManager ReloadAssembly
Registering precompiled unity dll's ...
Register platform support module: C:/Program Files/Unity/Hub/Editor/6000.3.4f1-x86_64/Editor/Data/PlaybackEngines/WindowsStandaloneSupport/UnityEditor.WindowsStandalone.Extensions.dll
[Licensing::Module] Licensing is not yet initialized.
[Licensing::Client] Handshaking with LicensingClient:
  Version:                 1.17.4+4293ba1
  Session Id:              6ad209abf8d14d978a25f39a9ca2d044
  Correlation Id:          2d1e7e5f643af8c1ce5d0a7b60c947a1
  External correlation Id: 3116512633261754318
  Machine Id:              NYc6ToqiHgkvIXzAQ4TvLAeYWX8=
[Licensing::Module] Successfully connected to LicensingClient on channel: "LicenseClient-sande" (connect: 0.00s, validation: 0.00s, handshake: 1.02s)
[Licensing::IpcConnector] Successfully connected to: "LicenseClient-sande-notifications" at "2026-01-18T20:22:02.8182692Z"
[Licensing::Module] Licensing Background thread has ended after 1.02s
[Licensing::Module] Licensing is initialized (took 0.21s).
[Licensing::Client] Successfully resolved entitlement details
[Licensing::Module] License group:
  Id: 5773558354092-UnityPersXXXX
  Product: Unity Personal
  Type: Assigned
  Expiration: Unlimited
Register platform support module: C:/Program Files/Unity/Hub/Editor/6000.3.4f1-x86_64/Editor/Data/PlaybackEngines/AndroidPlayer/UnityEditor.Android.Extensions.dll
[Licensing::Client] Successfully resolved entitlement details
Register platform support module: C:/Program Files/Unity/Hub/Editor/6000.3.4f1-x86_64/Editor/Data/PlaybackEngines/iOSSupport/UnityEditor.iOS.Extensions.dll
Registered in 0.216440 seconds.
- Loaded All Assemblies, in  0.689 seconds
[usbmuxd] Start listen thread
[usbmuxd] Listen thread started
[usbmuxd] Send listen message
Native extension for iOS target not found
Native extension for Android target not found
Android Extension - Scanning For ADB Devices 236 ms
Native extension for WindowsStandalone target not found
ScheduleIndexationOnStartup MainProcess:False IndexOnStartup:True
Mono: successfully reloaded assembly
- Finished resetting the current domain, in  0.676 seconds
Domain Reload Profiling: 1361ms
	BeginReloadAssembly (177ms)
		ExecutionOrderSort (0ms)
		DisableScriptedObjects (0ms)
		BackupInstance (0ms)
		ReleaseScriptingObjects (0ms)
		CreateAndSetChildDomain (1ms)
	RebuildCommonClasses (47ms)
	RebuildNativeTypeToScriptingClass (19ms)
	initialDomainReloadingComplete (284ms)
	LoadAllAssembliesAndSetupDomain (158ms)
		LoadAssemblies (170ms)
		RebuildTransferFunctionScriptingTraits (0ms)
		AnalyzeDomain (155ms)
			TypeCache.Refresh (153ms)
				TypeCache.ScanAssembly (139ms)
			BuildScriptInfoCaches (0ms)
			ResolveRequiredComponents (1ms)
	FinalizeReload (676ms)
		ReleaseScriptCaches (0ms)
		RebuildScriptCaches (0ms)
		SetupLoadedEditorAssemblies (634ms)
			LogAssemblyErrors (0ms)
			InitializePlatformSupportModulesInManaged (333ms)
			SetLoadedEditorAssemblies (4ms)
			BeforeProcessingInitializeOnLoad (88ms)
			ProcessInitializeOnLoadAttributes (137ms)
			ProcessInitializeOnLoadMethodAttributes (71ms)
			AfterProcessingInitializeOnLoad (0ms)
			EditorAssembliesLoaded (0ms)
		ExecutionOrderSort2 (0ms)
		AwakeInstancesAfterBackupRestoration (0ms)
========================================================================
Worker process is ready to serve import requests
Import Worker Mode flag is 0x00
Begin MonoManager ReloadAssembly
[Licensing::Client] Successfully resolved entitlement details
- Loaded All Assemblies, in  0.887 seconds
Refreshing native plugins compatible for Editor in 1.94 ms, found 4 plugins.
Native extension for iOS target not found
Native extension for Android target not found
Native extension for WindowsStandalone target not found
Package Manager log level set to [2]
[Package Manager] Failed to launch server process. Reason: Unity was launched with the -noUpm command-line argument
[Package Manager] Unable to send message (not connected to server process).
[Package Manager] Cannot connect to Unity Package Manager local server
ScheduleIndexationOnStartup MainProcess:False IndexOnStartup:True
Mono: successfully reloaded assembly
- Finished resetting the current domain, in  1.053 seconds
Domain Reload Profiling: 1932ms
	BeginReloadAssembly (180ms)
		ExecutionOrderSort (0ms)
		DisableScriptedObjects (5ms)
		BackupInstance (0ms)
		ReleaseScriptingObjects (0ms)
		CreateAndSetChildDomain (36ms)
	RebuildCommonClasses (33ms)
	RebuildNativeTypeToScriptingClass (10ms)
	initialDomainReloadingComplete (40ms)
	LoadAllAssembliesAndSetupDomain (615ms)
		LoadAssemblies (456ms)
		RebuildTransferFunctionScriptingTraits (0ms)
		AnalyzeDomain (255ms)
			TypeCache.Refresh (184ms)
				TypeCache.ScanAssembly (167ms)
			BuildScriptInfoCaches (57ms)
			ResolveRequiredComponents (10ms)
	FinalizeReload (1053ms)
		ReleaseScriptCaches (0ms)
		RebuildScriptCaches (0ms)
		SetupLoadedEditorAssemblies (903ms)
			LogAssemblyErrors (0ms)
			InitializePlatformSupportModulesInManaged (12ms)
			SetLoadedEditorAssemblies (6ms)
			BeforeProcessingInitializeOnLoad (250ms)
			ProcessInitializeOnLoadAttributes (505ms)
			ProcessInitializeOnLoadMethodAttributes (121ms)
			AfterProcessingInitializeOnLoad (8ms)
			EditorAssembliesLoaded (0ms)
		ExecutionOrderSort2 (0ms)
		AwakeInstancesAfterBackupRestoration (6ms)
Launched and connected shader compiler UnityShaderCompiler.exe after 0.01 seconds
Refreshing native plugins compatible for Editor in 1.67 ms, found 4 plugins.
Preloading 0 native plugins for Editor in 0.00 ms.
Unloading 16 Unused Serialized files (Serialized files now loaded: 0)
Unloading 6926 unused Assets / (4.5 MB). Loaded Objects now: 7764.
Memory consumption went from 156.5 MB to 152.0 MB.
Total: 8.994400 ms (FindLiveObjects: 0.777100 ms CreateObjectMapping: 0.546100 ms MarkObjects: 5.597500 ms  DeleteObjects: 2.073100 ms)

========================================================================
Received Import Request.
  Time since last request: 96951.034611 seconds.
  path: Assets/Layer Lab/GUI-Neon/PSD
  artifactKey: Guid(a40e613e1794b4fcab9eb942f7c0826e) Importer(815301076,1909f56bfc062723c751e8b465ee728b)
Start importing Assets/Layer Lab/GUI-Neon/PSD using Guid(a40e613e1794b4fcab9eb942f7c0826e) Importer(815301076,1909f56bfc062723c751e8b465ee728b) (PreviewImporter) -> (artifact id: 'c3d52ff5412b2132714d3accbfa0e7d9') in 0.0044529 seconds
Number of updated asset objects reloaded before import = 0Number of asset objects unloaded after import = 0

========================================================================
Received Import Request.
  Time since last request: 0.095884 seconds.
  path: Assets/Layer Lab/GUI-Neon/PSD/00_ActionText.psd
  artifactKey: Guid(1a669fd7ca0764d2fad8db03a831358c) Importer(815301076,1909f56bfc062723c751e8b465ee728b)
Start importing Assets/Layer Lab/GUI-Neon/PSD/00_ActionText.psd using Guid(1a669fd7ca0764d2fad8db03a831358c) Importer(815301076,1909f56bfc062723c751e8b465ee728b) (PreviewImporter) -> (artifact id: '03527b52be3b217440335ca2ea0db4dc') in 0.0811233 seconds
Number of updated asset objects reloaded before import = 0Number of asset objects unloaded after import = 3

========================================================================
Received Import Request.
  Time since last request: 0.000020 seconds.
  path: Assets/Layer Lab/GUI-Neon/PSD/07_Gem.psd
  artifactKey: Guid(fb29e6dc91470412cbeedf4b8b845761) Importer(815301076,1909f56bfc062723c751e8b465ee728b)
Start importing Assets/Layer Lab/GUI-Neon/PSD/07_Gem.psd using Guid(fb29e6dc91470412cbeedf4b8b845761) Importer(815301076,1909f56bfc062723c751e8b465ee728b) (PreviewImporter) -> (artifact id: '8a9cbcf0b2aaa6b7b39b63bd40e21d51') in 0.0207047 seconds
Number of updated asset objects reloaded before import = 0Number of asset objects unloaded after import = 3

========================================================================
Received Import Request.
  Time since last request: 0.000020 seconds.
  path: Assets/Layer Lab/GUI-Neon/PSD/01_Title.psd
  artifactKey: Guid(373560e79130b48e9939fceb36a9c9dd) Importer(815301076,1909f56bfc062723c751e8b465ee728b)
Start importing Assets/Layer Lab/GUI-Neon/PSD/01_Title.psd using Guid(373560e79130b48e9939fceb36a9c9dd) Importer(815301076,1909f56bfc062723c751e8b465ee728b) (PreviewImporter) -> (artifact id: '9d6079385c0048c19a9dec790d6bea1d') in 0.0224308 seconds
Number of updated asset objects reloaded before import = 0Number of asset objects unloaded after import = 3

========================================================================
Received Import Request.
  Time since last request: 0.000027 seconds.
  path: Assets/Layer Lab/GUI-Neon/PSD/09_Stage.psd
  artifactKey: Guid(ba1ba833dc94c4229ad0bc4bd4611baa) Importer(815301076,1909f56bfc062723c751e8b465ee728b)
Start importing Assets/Layer Lab/GUI-Neon/PSD/09_Stage.psd using Guid(ba1ba833dc94c4229ad0bc4bd4611baa) Importer(815301076,1909f56bfc062723c751e8b465ee728b) (PreviewImporter) -> (artifact id: 'dd7606239a91b31d7ed36545a09f5371') in 0.0148872 seconds
Number of updated asset objects reloaded before import = 0Number of asset objects unloaded after import = 3

========================================================================
Received Import Request.
  Time since last request: 1.890304 seconds.
  path: Assets/Layer Lab/GUI-Neon/Prefabs
  artifactKey: Guid(989c981a74ada4735ba28d398b2c209b) Importer(815301076,1909f56bfc062723c751e8b465ee728b)
Start importing Assets/Layer Lab/GUI-Neon/Prefabs using Guid(989c981a74ada4735ba28d398b2c209b) Importer(815301076,1909f56bfc062723c751e8b465ee728b) (PreviewImporter) -> (artifact id: '18e94799ec135caf197cf4640d56b089') in 0.0005241 seconds
Number of updated asset objects reloaded before import = 0Number of asset objects unloaded after import = 0

========================================================================
Received Import Request.
  Time since last request: 2.362475 seconds.
  path: Assets/Layer Lab/GUI-Neon/Prefabs/Prefabs_DemoScene
  artifactKey: Guid(64be6f05e639a4ae4a686de236ca1eee) Importer(815301076,1909f56bfc062723c751e8b465ee728b)
Start importing Assets/Layer Lab/GUI-Neon/Prefabs/Prefabs_DemoScene using Guid(64be6f05e639a4ae4a686de236ca1eee) Importer(815301076,1909f56bfc062723c751e8b465ee728b) (PreviewImporter) -> (artifact id: '932051096aee427e62b0b26c44d4441e') in 0.0004609 seconds
Number of updated asset objects reloaded before import = 0Number of asset objects unloaded after import = 0

========================================================================
Received Import Request.
  Time since last request: 0.694011 seconds.
  path: Assets/Layer Lab/GUI-Neon/Prefabs/Prefabs_Component_UI_Etc
  artifactKey: Guid(fe38cae2a6dc1416a9b6cb9e616db40e) Importer(815301076,1909f56bfc062723c751e8b465ee728b)
Start importing Assets/Layer Lab/GUI-Neon/Prefabs/Prefabs_Component_UI_Etc using Guid(fe38cae2a6dc1416a9b6cb9e616db40e) Importer(815301076,1909f56bfc062723c751e8b465ee728b) (PreviewImporter) -> (artifact id: '07b6b6d8fa3bfe021a67e0a2a59bf390') in 0.0005745 seconds
Number of updated asset objects reloaded before import = 0Number of asset objects unloaded after import = 0

========================================================================
Received Import Request.
  Time since last request: 0.467178 seconds.
  path: Assets/Layer Lab/GUI-Neon/Prefabs/Prefabs_Component_Sliders
  artifactKey: Guid(6eb6a3d4331d7451180b1924f800b81f) Importer(815301076,1909f56bfc062723c751e8b465ee728b)
Start importing Assets/Layer Lab/GUI-Neon/Prefabs/Prefabs_Component_Sliders using Guid(6eb6a3d4331d7451180b1924f800b81f) Importer(815301076,1909f56bfc062723c751e8b465ee728b) (PreviewImporter) -> (artifact id: '057a380d89dd78498c7fe7fef4e831a9') in 0.0004723 seconds
Number of updated asset objects reloaded before import = 0Number of asset objects unloaded after import = 0

========================================================================
Received Import Request.
  Time since last request: 1.372861 seconds.
  path: Assets/Layer Lab/GUI-Neon/Prefabs/Prefabs_Component_UI_Etc/_PrefabPanal_UI_Etc.prefab
  artifactKey: Guid(6731d84c101f040a897873e5505c4336) Importer(815301076,1909f56bfc062723c751e8b465ee728b)
Start importing Assets/Layer Lab/GUI-Neon/Prefabs/Prefabs_Component_UI_Etc/_PrefabPanal_UI_Etc.prefab using Guid(6731d84c101f040a897873e5505c4336) Importer(815301076,1909f56bfc062723c751e8b465ee728b) (PreviewImporter) -> (artifact id: '396c8a307083198fac2b2523534fb83d') in 0.0405913 seconds
Number of updated asset objects reloaded before import = 0Number of asset objects unloaded after import = 528

========================================================================
Received Import Request.
  Time since last request: 0.000021 seconds.
  path: Assets/Layer Lab/GUI-Neon/Prefabs/Prefabs_Component_UI_Etc/Toggle_Switch_Sound.prefab
  artifactKey: Guid(a460347ea0ac543efbc3fb4dbdfb5df3) Importer(815301076,1909f56bfc062723c751e8b465ee728b)
Start importing Assets/Layer Lab/GUI-Neon/Prefabs/Prefabs_Component_UI_Etc/Toggle_Switch_Sound.prefab using Guid(a460347ea0ac543efbc3fb4dbdfb5df3) Importer(815301076,1909f56bfc062723c751e8b465ee728b) (PreviewImporter) -> (artifact id: '3351983add0076ee5abbc67cba8d6622') in 0.0041533 seconds
Number of updated asset objects reloaded before import = 0Number of asset objects unloaded after import = 34

========================================================================
Received Import Request.
  Time since last request: 0.000024 seconds.
  path: Assets/Layer Lab/GUI-Neon/Prefabs/Prefabs_Component_UI_Etc/Toggle_Radio_White_d.prefab
  artifactKey: Guid(7e481b0e3a6fc4f65854aa2a777697ec) Importer(815301076,1909f56bfc062723c751e8b465ee728b)
Start importing Assets/Layer Lab/GUI-Neon/Prefabs/Prefabs_Component_UI_Etc/Toggle_Radio_White_d.prefab using Guid(7e481b0e3a6fc4f65854aa2a777697ec) Importer(815301076,1909f56bfc062723c751e8b465ee728b) (PreviewImporter) -> (artifact id: '582acf3c61c2cfdee7197a1339960108') in 0.0018775 seconds
Number of updated asset objects reloaded before import = 0Number of asset objects unloaded after import = 7

========================================================================
Received Import Request.
  Time since last request: 0.000015 seconds.
  path: Assets/Layer Lab/GUI-Neon/Prefabs/Prefabs_Component_UI_Etc/Toggle_Radio_White00.prefab
  artifactKey: Guid(a1a86e643ef2c430f95faf77fbe76e43) Importer(815301076,1909f56bfc062723c751e8b465ee728b)
Start importing Assets/Layer Lab/GUI-Neon/Prefabs/Prefabs_Component_UI_Etc/Toggle_Radio_White00.prefab using Guid(a1a86e643ef2c430f95faf77fbe76e43) Importer(815301076,1909f56bfc062723c751e8b465ee728b) (PreviewImporter) -> (artifact id: 'a209b47753a3df83223bb9b0e4fbb28e') in 0.0025811 seconds
Number of updated asset objects reloaded before import = 0Number of asset objects unloaded after import = 13

========================================================================
Received Import Request.
  Time since last request: 0.000014 seconds.
  path: Assets/Layer Lab/GUI-Neon/Prefabs/Prefabs_Component_UI_Etc/PageNavi_Demo.prefab
  artifactKey: Guid(fa227a4bd6c9746a6b61d52f423d3193) Importer(815301076,1909f56bfc062723c751e8b465ee728b)
Start importing Assets/Layer Lab/GUI-Neon/Prefabs/Prefabs_Component_UI_Etc/PageNavi_Demo.prefab using Guid(fa227a4bd6c9746a6b61d52f423d3193) Importer(815301076,1909f56bfc062723c751e8b465ee728b) (PreviewImporter) -> (artifact id: 'e2066f4fada2ffadbe65971e8a100486') in 0.0024009 seconds
Number of updated asset objects reloaded before import = 0Number of asset objects unloaded after import = 48

========================================================================
Received Import Request.
  Time since last request: 9.752848 seconds.
  path: Assets/Layer Lab/GUI-Neon/Prefabs/Prefabs_Component_UI_Etc/_PrefabPanal_UI_Etc.prefab
  artifactKey: Guid(6731d84c101f040a897873e5505c4336) Importer(815301076,1909f56bfc062723c751e8b465ee728b)
Start importing Assets/Layer Lab/GUI-Neon/Prefabs/Prefabs_Component_UI_Etc/_PrefabPanal_UI_Etc.prefab using Guid(6731d84c101f040a897873e5505c4336) Importer(815301076,1909f56bfc062723c751e8b465ee728b) (PreviewImporter) -> (artifact id: 'ecb3302d7d8d34386ef20434a496e531') in 0.0190851 seconds
Number of updated asset objects reloaded before import = 0Number of asset objects unloaded after import = 528

========================================================================
Received Import Request.
  Time since last request: 53.588811 seconds.
  path: Assets/Layer Lab/GUI-Neon/Scene
  artifactKey: Guid(6f06a3b37378d4658bffaf1c4196adf3) Importer(815301076,1909f56bfc062723c751e8b465ee728b)
Start importing Assets/Layer Lab/GUI-Neon/Scene using Guid(6f06a3b37378d4658bffaf1c4196adf3) Importer(815301076,1909f56bfc062723c751e8b465ee728b) (PreviewImporter) -> (artifact id: '5d32a58aa5b741d6adb1c13b3f5771b6') in 0.0004755 seconds
Number of updated asset objects reloaded before import = 0Number of asset objects unloaded after import = 0

========================================================================
Received Import Request.
  Time since last request: 4.301209 seconds.
  path: Assets/Layer Lab/GUI-Neon/ResourcesData/Animation
  artifactKey: Guid(996f661d50de94c7bacf324764ee79f4) Importer(815301076,1909f56bfc062723c751e8b465ee728b)
Start importing Assets/Layer Lab/GUI-Neon/ResourcesData/Animation using Guid(996f661d50de94c7bacf324764ee79f4) Importer(815301076,1909f56bfc062723c751e8b465ee728b) (PreviewImporter) -> (artifact id: 'b5a0293d52910602534321320a40871e') in 0.0004606 seconds
Number of updated asset objects reloaded before import = 0Number of asset objects unloaded after import = 0

========================================================================
Received Import Request.
  Time since last request: 0.338781 seconds.
  path: Assets/Layer Lab/GUI-Neon/ResourcesData/Animation/Loading_Rotate_01.png
  artifactKey: Guid(c5efb3e2983384ad2bfdfc7221f71f45) Importer(815301076,1909f56bfc062723c751e8b465ee728b)
Start importing Assets/Layer Lab/GUI-Neon/ResourcesData/Animation/Loading_Rotate_01.png using Guid(c5efb3e2983384ad2bfdfc7221f71f45) Importer(815301076,1909f56bfc062723c751e8b465ee728b) (PreviewImporter) -> (artifact id: '5c1e23dd18d14d6f7bc1a12aa4a6e75a') in 0.0194711 seconds
Number of updated asset objects reloaded before import = 0Number of asset objects unloaded after import = 3

========================================================================
Received Import Request.
  Time since last request: 0.000013 seconds.
  path: Assets/Layer Lab/GUI-Neon/ResourcesData/Animation/Loading_Rotate_04.png
  artifactKey: Guid(e58e10af3c7d149b4bb196332b746dc9) Importer(815301076,1909f56bfc062723c751e8b465ee728b)
Start importing Assets/Layer Lab/GUI-Neon/ResourcesData/Animation/Loading_Rotate_04.png using Guid(e58e10af3c7d149b4bb196332b746dc9) Importer(815301076,1909f56bfc062723c751e8b465ee728b) (PreviewImporter) -> (artifact id: '6293dfc0cc828a6aaa9d88039a8116bf') in 0.018302 seconds
Number of updated asset objects reloaded before import = 0Number of asset objects unloaded after import = 3

========================================================================
Received Import Request.
  Time since last request: 0.000018 seconds.
  path: Assets/Layer Lab/GUI-Neon/ResourcesData/Animation/Loading_Rotate_11.png
  artifactKey: Guid(403e44c0c5df040b8950b4b572468a99) Importer(815301076,1909f56bfc062723c751e8b465ee728b)
Start importing Assets/Layer Lab/GUI-Neon/ResourcesData/Animation/Loading_Rotate_11.png using Guid(403e44c0c5df040b8950b4b572468a99) Importer(815301076,1909f56bfc062723c751e8b465ee728b) (PreviewImporter) -> (artifact id: 'acbaff9be01bd5897dc51c0b11b6c415') in 0.0200952 seconds
Number of updated asset objects reloaded before import = 0Number of asset objects unloaded after import = 3

========================================================================
Received Import Request.
  Time since last request: 0.000020 seconds.
  path: Assets/Layer Lab/GUI-Neon/ResourcesData/Animation/Loading_Rotate_07.png
  artifactKey: Guid(db2259d5ad6e5457db65ac7448554bc5) Importer(815301076,1909f56bfc062723c751e8b465ee728b)
Start importing Assets/Layer Lab/GUI-Neon/ResourcesData/Animation/Loading_Rotate_07.png using Guid(db2259d5ad6e5457db65ac7448554bc5) Importer(815301076,1909f56bfc062723c751e8b465ee728b) (PreviewImporter) -> (artifact id: 'c5eed03e74d2f5ef45c17fa75f5f2217') in 0.0166073 seconds
Number of updated asset objects reloaded before import = 0Number of asset objects unloaded after import = 3

========================================================================
Received Import Request.
  Time since last request: 8.115746 seconds.
  path: Assets/Layer Lab/GUI-Neon/ResourcesData/Sprites/Components/Button/Btn_Circle_Face_Purple.png
  artifactKey: Guid(f64b5013bc40b49d58bdb3cecdb85d3a) Importer(815301076,1909f56bfc062723c751e8b465ee728b)
Start importing Assets/Layer Lab/GUI-Neon/ResourcesData/Sprites/Components/Button/Btn_Circle_Face_Purple.png using Guid(f64b5013bc40b49d58bdb3cecdb85d3a) Importer(815301076,1909f56bfc062723c751e8b465ee728b) (PreviewImporter) -> (artifact id: 'c97f148de16a65ca84590939d23598be') in 0.0176799 seconds
Number of updated asset objects reloaded before import = 0Number of asset objects unloaded after import = 3

========================================================================
Received Import Request.
  Time since last request: 0.000015 seconds.
  path: Assets/Layer Lab/GUI-Neon/ResourcesData/Sprites/Components/Button/Btn_Oval00_s_Pink.png
  artifactKey: Guid(753140afb5451444d91aca6a0821df0a) Importer(815301076,1909f56bfc062723c751e8b465ee728b)
Start importing Assets/Layer Lab/GUI-Neon/ResourcesData/Sprites/Components/Button/Btn_Oval00_s_Pink.png using Guid(753140afb5451444d91aca6a0821df0a) Importer(815301076,1909f56bfc062723c751e8b465ee728b) (PreviewImporter) -> (artifact id: 'ed9a4ec6bc92d367b45c18e7fe9bcc4a') in 0.0148716 seconds
Number of updated asset objects reloaded before import = 0Number of asset objects unloaded after import = 3

========================================================================
Received Import Request.
  Time since last request: 0.000016 seconds.
  path: Assets/Layer Lab/GUI-Neon/ResourcesData/Sprites/Components/Button/Btn_Oval01_n_White.png
  artifactKey: Guid(59d53ca558e4e4cad888f4e2e3a75f77) Importer(815301076,1909f56bfc062723c751e8b465ee728b)
Start importing Assets/Layer Lab/GUI-Neon/ResourcesData/Sprites/Components/Button/Btn_Oval01_n_White.png using Guid(59d53ca558e4e4cad888f4e2e3a75f77) Importer(815301076,1909f56bfc062723c751e8b465ee728b) (PreviewImporter) -> (artifact id: 'f953dc1d8eef43681fccbadb6fe27f63') in 0.0177486 seconds
Number of updated asset objects reloaded before import = 0Number of asset objects unloaded after import = 3

========================================================================
Received Import Request.
  Time since last request: 0.000027 seconds.
  path: Assets/Layer Lab/GUI-Neon/ResourcesData/Sprites/Components/Button/Btn_Circle_Line_Yellow.png
  artifactKey: Guid(91340a0f8f5994d7297a3e62073a71f6) Importer(815301076,1909f56bfc062723c751e8b465ee728b)
Start importing Assets/Layer Lab/GUI-Neon/ResourcesData/Sprites/Components/Button/Btn_Circle_Line_Yellow.png using Guid(91340a0f8f5994d7297a3e62073a71f6) Importer(815301076,1909f56bfc062723c751e8b465ee728b) (PreviewImporter) -> (artifact id: '49a8ca9176bbdd43e3ede0f50b8d0d28') in 0.017009 seconds
Number of updated asset objects reloaded before import = 0Number of asset objects unloaded after import = 3

========================================================================
Received Import Request.
  Time since last request: 0.000015 seconds.
  path: Assets/Layer Lab/GUI-Neon/ResourcesData/Sprites/Components/Button/Btn_Oval00_n_Green.png
  artifactKey: Guid(eb5635c22bd7d419bba2fb2556c1a6c1) Importer(815301076,1909f56bfc062723c751e8b465ee728b)
Start importing Assets/Layer Lab/GUI-Neon/ResourcesData/Sprites/Components/Button/Btn_Oval00_n_Green.png using Guid(eb5635c22bd7d419bba2fb2556c1a6c1) Importer(815301076,1909f56bfc062723c751e8b465ee728b) (PreviewImporter) -> (artifact id: '4b541d3f1bd2ac22d4be95a3e351edc8') in 0.0183131 seconds
Number of updated asset objects reloaded before import = 0Number of asset objects unloaded after import = 3

========================================================================
Received Import Request.
  Time since last request: 0.000017 seconds.
  path: Assets/Layer Lab/GUI-Neon/ResourcesData/Sprites/Components/Button/Btn_Oval00_n_White.png
  artifactKey: Guid(e3f11e06ae79d44128ff01658a2e94d7) Importer(815301076,1909f56bfc062723c751e8b465ee728b)
Start importing Assets/Layer Lab/GUI-Neon/ResourcesData/Sprites/Components/Button/Btn_Oval00_n_White.png using Guid(e3f11e06ae79d44128ff01658a2e94d7) Importer(815301076,1909f56bfc062723c751e8b465ee728b) (PreviewImporter) -> (artifact id: 'dc43c52f33763547552d6cf9d00bb7eb') in 0.0172713 seconds
Number of updated asset objects reloaded before import = 0Number of asset objects unloaded after import = 3

========================================================================
Received Import Request.
  Time since last request: 11.670743 seconds.
  path: Assets/Layer Lab/GUI-Neon/ResourcesData/Sprites/Components/Button_ButtonIcons/Face_Purple/btn_face_purple_Camera.png
  artifactKey: Guid(0a4bf74172f6d46bbafff270ed6823c8) Importer(815301076,1909f56bfc062723c751e8b465ee728b)
Start importing Assets/Layer Lab/GUI-Neon/ResourcesData/Sprites/Components/Button_ButtonIcons/Face_Purple/btn_face_purple_Camera.png using Guid(0a4bf74172f6d46bbafff270ed6823c8) Importer(815301076,1909f56bfc062723c751e8b465ee728b) (PreviewImporter) -> (artifact id: '3cb275d91b54a6ea7e972052ff6b371e') in 0.0180929 seconds
Number of updated asset objects reloaded before import = 0Number of asset objects unloaded after import = 3

========================================================================
Received Import Request.
  Time since last request: 0.000016 seconds.
  path: Assets/Layer Lab/GUI-Neon/ResourcesData/Sprites/Components/Button_ButtonIcons/Face_Purple/btn_face_purple_Delete.png
  artifactKey: Guid(c8d5b0f03771248e3a7dd2ffa862976c) Importer(815301076,1909f56bfc062723c751e8b465ee728b)
Start importing Assets/Layer Lab/GUI-Neon/ResourcesData/Sprites/Components/Button_ButtonIcons/Face_Purple/btn_face_purple_Delete.png using Guid(c8d5b0f03771248e3a7dd2ffa862976c) Importer(815301076,1909f56bfc062723c751e8b465ee728b) (PreviewImporter) -> (artifact id: '725e654aa2d3aa47fd286c4293368eea') in 0.0166596 seconds
Number of updated asset objects reloaded before import = 0Number of asset objects unloaded after import = 3

========================================================================
Received Import Request.
  Time since last request: 0.000020 seconds.
  path: Assets/Layer Lab/GUI-Neon/ResourcesData/Sprites/Components/Button_ButtonIcons/Face_Purple/btn_face_purple_Heart.png
  artifactKey: Guid(774e2242b2c864bb9be0ff7b4a61a75e) Importer(815301076,1909f56bfc062723c751e8b465ee728b)
Start importing Assets/Layer Lab/GUI-Neon/ResourcesData/Sprites/Components/Button_ButtonIcons/Face_Purple/btn_face_purple_Heart.png using Guid(774e2242b2c864bb9be0ff7b4a61a75e) Importer(815301076,1909f56bfc062723c751e8b465ee728b) (PreviewImporter) -> (artifact id: 'ed249c2b4e8904000a14d10bec18ca88') in 0.0158127 seconds
Number of updated asset objects reloaded before import = 0Number of asset objects unloaded after import = 3

========================================================================
Received Import Request.
  Time since last request: 0.000015 seconds.
  path: Assets/Layer Lab/GUI-Neon/ResourcesData/Sprites/Components/Button_ButtonIcons/Face_Purple/btn_face_purple_Fx_off.png
  artifactKey: Guid(8a952e7d2312443ec8cd515073b8d0db) Importer(815301076,1909f56bfc062723c751e8b465ee728b)
Start importing Assets/Layer Lab/GUI-Neon/ResourcesData/Sprites/Components/Button_ButtonIcons/Face_Purple/btn_face_purple_Fx_off.png using Guid(8a952e7d2312443ec8cd515073b8d0db) Importer(815301076,1909f56bfc062723c751e8b465ee728b) (PreviewImporter) -> (artifact id: '023043e877068d53a47e807c19c96b76') in 0.017898 seconds
Number of updated asset objects reloaded before import = 0Number of asset objects unloaded after import = 3

========================================================================
Received Import Request.
  Time since last request: 0.000015 seconds.
  path: Assets/Layer Lab/GUI-Neon/ResourcesData/Sprites/Components/Button_ButtonIcons/Face_Purple/btn_face_purple_minus.png
  artifactKey: Guid(4d463d3da5d87498da7acd45c76ed87f) Importer(815301076,1909f56bfc062723c751e8b465ee728b)
Start importing Assets/Layer Lab/GUI-Neon/ResourcesData/Sprites/Components/Button_ButtonIcons/Face_Purple/btn_face_purple_minus.png using Guid(4d463d3da5d87498da7acd45c76ed87f) Importer(815301076,1909f56bfc062723c751e8b465ee728b) (PreviewImporter) -> (artifact id: '3bf39cba5142bdb08f116cd67a3a8975') in 0.0186211 seconds
Number of updated asset objects reloaded before import = 0Number of asset objects unloaded after import = 3

========================================================================
Received Import Request.
  Time since last request: 0.000015 seconds.
  path: Assets/Layer Lab/GUI-Neon/ResourcesData/Sprites/Components/Button_ButtonIcons/Face_Purple/btn_face_purple_Sound.png
  artifactKey: Guid(5a85d502fab0946aba9758bcca7b8858) Importer(815301076,1909f56bfc062723c751e8b465ee728b)
Start importing Assets/Layer Lab/GUI-Neon/ResourcesData/Sprites/Components/Button_ButtonIcons/Face_Purple/btn_face_purple_Sound.png using Guid(5a85d502fab0946aba9758bcca7b8858) Importer(815301076,1909f56bfc062723c751e8b465ee728b) (PreviewImporter) -> (artifact id: 'e1a4298c2825ce952c2e2fbe7de1cf7b') in 0.0186139 seconds
Number of updated asset objects reloaded before import = 0Number of asset objects unloaded after import = 3

========================================================================
Received Import Request.
  Time since last request: 0.000016 seconds.
  path: Assets/Layer Lab/GUI-Neon/ResourcesData/Sprites/Components/Button_ButtonIcons/Face_Purple/btn_face_purple_warning.png
  artifactKey: Guid(8cd744a0022e54b81b5d81680eb65236) Importer(815301076,1909f56bfc062723c751e8b465ee728b)
Start importing Assets/Layer Lab/GUI-Neon/ResourcesData/Sprites/Components/Button_ButtonIcons/Face_Purple/btn_face_purple_warning.png using Guid(8cd744a0022e54b81b5d81680eb65236) Importer(815301076,1909f56bfc062723c751e8b465ee728b) (PreviewImporter) -> (artifact id: '585bf31362ca415c21f2340f5ad43b5f') in 0.0180566 seconds
Number of updated asset objects reloaded before import = 0Number of asset objects unloaded after import = 3

========================================================================
Received Import Request.
  Time since last request: 0.000028 seconds.
  path: Assets/Layer Lab/GUI-Neon/ResourcesData/Sprites/Components/Button_ButtonIcons/Face_Purple/btn_face_purple_Page Prev.png
  artifactKey: Guid(6282dcdce87a3407da1f4dfe54fe972f) Importer(815301076,1909f56bfc062723c751e8b465ee728b)
Start importing Assets/Layer Lab/GUI-Neon/ResourcesData/Sprites/Components/Button_ButtonIcons/Face_Purple/btn_face_purple_Page Prev.png using Guid(6282dcdce87a3407da1f4dfe54fe972f) Importer(815301076,1909f56bfc062723c751e8b465ee728b) (PreviewImporter) -> (artifact id: '08df4c446e6baf30fbdec45b28ac30ab') in 0.0176711 seconds
Number of updated asset objects reloaded before import = 0Number of asset objects unloaded after import = 3

========================================================================
Received Import Request.
  Time since last request: 0.000016 seconds.
  path: Assets/Layer Lab/GUI-Neon/ResourcesData/Sprites/Components/Button_ButtonIcons/Face_Purple/btn_face_purple_Fx_on.png
  artifactKey: Guid(d7c900224a5e6424fa3e54d3b1c0b3fa) Importer(815301076,1909f56bfc062723c751e8b465ee728b)
Start importing Assets/Layer Lab/GUI-Neon/ResourcesData/Sprites/Components/Button_ButtonIcons/Face_Purple/btn_face_purple_Fx_on.png using Guid(d7c900224a5e6424fa3e54d3b1c0b3fa) Importer(815301076,1909f56bfc062723c751e8b465ee728b) (PreviewImporter) -> (artifact id: 'c9e821c062fc49eb56760da67a82ef45') in 0.0168008 seconds
Number of updated asset objects reloaded before import = 0Number of asset objects unloaded after import = 3

Editor requested this worker to shutdown with reason: Scaling down because of idle timeout
AssetImportWorker is now disconnected from the server
Process exiting
Exiting without the bug reporter. Application will terminate with return code 0