[Licensing::Module] Trying to connect to existing licensing client channel...
Built from '6000.3/staging' branch; Version is '6000.3.4f1 (fdd3b8998ec4) revision 16634808'; Using compiler version '194234433'; Build Type 'Release'
OS: 'Windows 11  (10.0.26200) Core' Language: 'en' Physical Memory: 32651 MB
[Licensing::IpcConnector] Successfully connected to: "LicenseClient-sande" at "2026-01-18T20:20:43.7659529Z"
BatchMode: 1, IsHumanControllingUs: 0, StartBugReporterOnCrash: 0, Is64bit: 1
System  architecture: x64
Process architecture: x64
Date: 2026-01-18T20:20:43Z

COMMAND LINE ARGUMENTS:
C:\Program Files\Unity\Hub\Editor\6000.3.4f1-x86_64\Editor\Unity.exe
-adb2
-batchMode
-noUpm
-name
AssetImportWorker14
-projectPath
C:/UnityProjects/Polarity-Pulse/Polarity Pulse
-logFile
Logs/AssetImportWorker14.log
-srvPort
63050
-licensingIpc
LicenseClient-sande
-job-worker-count
7
-background-job-worker-count
8
-gc-helper-count
1
-name
AssetImport
Successfully changed project path to: C:/UnityProjects/Polarity-Pulse/Polarity Pulse
C:/UnityProjects/Polarity-Pulse/Polarity Pulse
[UnityMemory] Configuration Parameters - Can be set up in boot.config
    "memorysetup-temp-allocator-size-nav-mesh-worker=65536"
    "memorysetup-temp-allocator-size-audio-worker=65536"
    "memorysetup-temp-allocator-size-gfx=262144"
    "memorysetup-allocator-temp-initial-block-size-main=262144"
    "memorysetup-allocator-temp-initial-block-size-worker=262144"
    "memorysetup-temp-allocator-size-background-worker=32768"
    "memorysetup-temp-allocator-size-job-worker=262144"
    "memorysetup-temp-allocator-size-preload-manager=33554432"
    "memorysetup-temp-allocator-size-gi-baking-worker=262144"
    "memorysetup-temp-allocator-size-gi-baking-worker=262144"
    "memorysetup-temp-allocator-size-gi-baking-worker=262144"
    "memorysetup-temp-allocator-size-gi-baking-worker=262144"
    "memorysetup-temp-allocator-size-gi-baking-worker=262144"
    "memorysetup-bucket-allocator-granularity=16"
    "memorysetup-bucket-allocator-bucket-count=8"
    "memorysetup-bucket-allocator-block-size=33554432"
    "memorysetup-bucket-allocator-block-count=8"
    "memorysetup-main-allocator-block-size=16777216"
    "memorysetup-thread-allocator-block-size=16777216"
    "memorysetup-gfx-main-allocator-block-size=16777216"
    "memorysetup-gfx-thread-allocator-block-size=16777216"
    "memorysetup-cache-allocator-block-size=4194304"
    "memorysetup-typetree-allocator-block-size=2097152"
    "memorysetup-profiler-bucket-allocator-granularity=16"
    "memorysetup-profiler-bucket-allocator-bucket-count=8"
    "memorysetup-profiler-bucket-allocator-block-size=33554432"
    "memorysetup-profiler-bucket-allocator-block-count=8"
    "memorysetup-profiler-allocator-block-size=16777216"
    "memorysetup-profiler-editor-allocator-block-size=1048576"
    "memorysetup-temp-allocator-size-main=16777216"
    "memorysetup-job-temp-allocator-block-size=2097152"
    "memorysetup-job-temp-allocator-block-size-background=1048576"
    "memorysetup-job-temp-allocator-reduction-small-platforms=262144"
    "memorysetup-temp-allocator-size-cloud-worker=32768"
Player connection [15432]  Target information:

Player connection [15432]  * "[IP] 172.16.25.2 [Port] 0 [Flags] 2 [Guid] 1215133462 [EditorId] 1215133462 [Version] 1048832 [Id] WindowsEditor(7,PETTAI) [Debug] 1 [PackageName] WindowsEditor [ProjectName] Editor" 

Player connection [15432] Host joined multi-casting on [225.0.0.222:54997]...
Player connection [15432] Host joined alternative multi-casting on [225.0.0.222:34997]...
JobSystem: Creating JobQueue using job-worker-count value 7
Input System module state changed to: Initialized.
[Physics::Module] Initialized fallback backend.
[Physics::Module] Id: 0xdecafbad
Library Redirect Path: Library/
[Physics::Module] Selected backend.
[Physics::Module] Name: PhysX
[Physics::Module] Id: 0xf2b8ea05
[Physics::Module] SDK Version: 4.1.2
[Physics::Module] Integration Version: 1.0.0
[Physics::Module] Threading Mode: Multi-Threaded
Refreshing native plugins compatible for Editor in 4.23 ms, found 4 plugins.
Preloading 0 native plugins for Editor in 0.00 ms.
Initialize engine version: 6000.3.4f1 (fdd3b8998ec4)
[Subsystems] Discovering subsystems at path C:/Program Files/Unity/Hub/Editor/6000.3.4f1-x86_64/Editor/Data/Resources/UnitySubsystems
[Subsystems] Discovering subsystems at path C:/UnityProjects/Polarity-Pulse/Polarity Pulse/Assets
GfxDevice: creating device client; kGfxThreadingModeNonThreaded
Direct3D:
    Version:  Direct3D 11.0 [level 11.1]
    Renderer: AMD Radeon RX 6800 (ID=0x73bf)
    Vendor:   ATI
    VRAM:     16337 MB
    Driver:   32.0.21037.1004
Initialize mono
Mono path[0] = 'C:/Program Files/Unity/Hub/Editor/6000.3.4f1-x86_64/Editor/Data/Managed'
Mono path[1] = 'C:/Program Files/Unity/Hub/Editor/6000.3.4f1-x86_64/Editor/Data/MonoBleedingEdge/lib/mono/unityjit-win32'
Mono config path = 'C:/Program Files/Unity/Hub/Editor/6000.3.4f1-x86_64/Editor/Data/MonoBleedingEdge/etc'
Using monoOptions --debugger-agent=transport=dt_socket,embedding=1,server=y,suspend=n,address=127.0.0.1:56412
Begin MonoManager ReloadAssembly
Registering precompiled unity dll's ...
Register platform support module: C:/Program Files/Unity/Hub/Editor/6000.3.4f1-x86_64/Editor/Data/PlaybackEngines/WindowsStandaloneSupport/UnityEditor.WindowsStandalone.Extensions.dll
[Licensing::Module] Licensing is not yet initialized.
[Licensing::Client] Handshaking with LicensingClient:
  Version:                 1.17.4+4293ba1
  Session Id:              2d35d69f3ccc4c9d93ee5d669d757a16
  Correlation Id:          2d1e7e5f643af8c1ce5d0a7b60c947a1
  External correlation Id: 3236500569527154848
  Machine Id:              NYc6ToqiHgkvIXzAQ4TvLAeYWX8=
[Licensing::Module] Successfully connected to LicensingClient on channel: "LicenseClient-sande" (connect: 0.00s, validation: 0.00s, handshake: 1.03s)
[Licensing::IpcConnector] Successfully connected to: "LicenseClient-sande-notifications" at "2026-01-18T20:20:44.7981501Z"
[Licensing::Module] Licensing Background thread has ended after 1.03s
[Licensing::Module] Licensing is initialized (took 0.17s).
[Licensing::Client] Successfully resolved entitlement details
[Licensing::Module] License group:
  Id: 5773558354092-UnityPersXXXX
  Product: Unity Personal
  Type: Assigned
  Expiration: Unlimited
Register platform support module: C:/Program Files/Unity/Hub/Editor/6000.3.4f1-x86_64/Editor/Data/PlaybackEngines/AndroidPlayer/UnityEditor.Android.Extensions.dll
[Licensing::Client] Successfully resolved entitlement details
Register platform support module: C:/Program Files/Unity/Hub/Editor/6000.3.4f1-x86_64/Editor/Data/PlaybackEngines/iOSSupport/UnityEditor.iOS.Extensions.dll
Registered in 0.173921 seconds.
- Loaded All Assemblies, in  0.695 seconds
[usbmuxd] Start listen thread
[usbmuxd] Listen thread started
[usbmuxd] Send listen message
Native extension for iOS target not found
Native extension for Android target not found
Android Extension - Scanning For ADB Devices 256 ms
Native extension for WindowsStandalone target not found
ScheduleIndexationOnStartup MainProcess:False IndexOnStartup:True
Mono: successfully reloaded assembly
- Finished resetting the current domain, in  0.684 seconds
Domain Reload Profiling: 1375ms
	BeginReloadAssembly (169ms)
		ExecutionOrderSort (0ms)
		DisableScriptedObjects (0ms)
		BackupInstance (0ms)
		ReleaseScriptingObjects (0ms)
		CreateAndSetChildDomain (1ms)
	RebuildCommonClasses (55ms)
	RebuildNativeTypeToScriptingClass (19ms)
	initialDomainReloadingComplete (239ms)
	LoadAllAssembliesAndSetupDomain (209ms)
		LoadAssemblies (162ms)
		RebuildTransferFunctionScriptingTraits (0ms)
		AnalyzeDomain (204ms)
			TypeCache.Refresh (203ms)
				TypeCache.ScanAssembly (185ms)
			BuildScriptInfoCaches (0ms)
			ResolveRequiredComponents (1ms)
	FinalizeReload (684ms)
		ReleaseScriptCaches (0ms)
		RebuildScriptCaches (0ms)
		SetupLoadedEditorAssemblies (637ms)
			LogAssemblyErrors (0ms)
			InitializePlatformSupportModulesInManaged (355ms)
			SetLoadedEditorAssemblies (4ms)
			BeforeProcessingInitializeOnLoad (80ms)
			ProcessInitializeOnLoadAttributes (123ms)
			ProcessInitializeOnLoadMethodAttributes (74ms)
			AfterProcessingInitializeOnLoad (0ms)
			EditorAssembliesLoaded (0ms)
		ExecutionOrderSort2 (0ms)
		AwakeInstancesAfterBackupRestoration (0ms)
========================================================================
Worker process is ready to serve import requests
Import Worker Mode flag is 0x00
Begin MonoManager ReloadAssembly
[Licensing::Client] Successfully resolved entitlement details
- Loaded All Assemblies, in  0.920 seconds
Refreshing native plugins compatible for Editor in 1.74 ms, found 4 plugins.
Native extension for iOS target not found
Native extension for Android target not found
Native extension for WindowsStandalone target not found
Package Manager log level set to [2]
[Package Manager] Failed to launch server process. Reason: Unity was launched with the -noUpm command-line argument
[Package Manager] Unable to send message (not connected to server process).
[Package Manager] Cannot connect to Unity Package Manager local server
ScheduleIndexationOnStartup MainProcess:False IndexOnStartup:True
Mono: successfully reloaded assembly
- Finished resetting the current domain, in  1.154 seconds
Domain Reload Profiling: 2066ms
	BeginReloadAssembly (192ms)
		ExecutionOrderSort (0ms)
		DisableScriptedObjects (6ms)
		BackupInstance (0ms)
		ReleaseScriptingObjects (0ms)
		CreateAndSetChildDomain (39ms)
	RebuildCommonClasses (40ms)
	RebuildNativeTypeToScriptingClass (12ms)
	initialDomainReloadingComplete (43ms)
	LoadAllAssembliesAndSetupDomain (624ms)
		LoadAssemblies (474ms)
		RebuildTransferFunctionScriptingTraits (0ms)
		AnalyzeDomain (251ms)
			TypeCache.Refresh (185ms)
				TypeCache.ScanAssembly (170ms)
			BuildScriptInfoCaches (52ms)
			ResolveRequiredComponents (9ms)
	FinalizeReload (1154ms)
		ReleaseScriptCaches (0ms)
		RebuildScriptCaches (0ms)
		SetupLoadedEditorAssemblies (966ms)
			LogAssemblyErrors (0ms)
			InitializePlatformSupportModulesInManaged (14ms)
			SetLoadedEditorAssemblies (5ms)
			BeforeProcessingInitializeOnLoad (262ms)
			ProcessInitializeOnLoadAttributes (531ms)
			ProcessInitializeOnLoadMethodAttributes (144ms)
			AfterProcessingInitializeOnLoad (9ms)
			EditorAssembliesLoaded (0ms)
		ExecutionOrderSort2 (0ms)
		AwakeInstancesAfterBackupRestoration (6ms)
Launched and connected shader compiler UnityShaderCompiler.exe after 0.02 seconds
Refreshing native plugins compatible for Editor in 1.75 ms, found 4 plugins.
Preloading 0 native plugins for Editor in 0.00 ms.
Unloading 16 Unused Serialized files (Serialized files now loaded: 0)
Unloading 6926 unused Assets / (4.8 MB). Loaded Objects now: 7764.
Memory consumption went from 158.7 MB to 153.9 MB.
Total: 10.518900 ms (FindLiveObjects: 0.684700 ms CreateObjectMapping: 0.492100 ms MarkObjects: 7.305400 ms  DeleteObjects: 2.036000 ms)

========================================================================
Received Import Request.
  Time since last request: 96945.363597 seconds.
  path: Assets/Layer Lab/GUI-Neon/Preview/00_Button_Icons_LIne.png
  artifactKey: Guid(e34793ebd010a4e5b8dcbc3851ec606d) Importer(815301076,1909f56bfc062723c751e8b465ee728b)
Start importing Assets/Layer Lab/GUI-Neon/Preview/00_Button_Icons_LIne.png using Guid(e34793ebd010a4e5b8dcbc3851ec606d) Importer(815301076,1909f56bfc062723c751e8b465ee728b) (PreviewImporter)[Licensing::Client] Successfully resolved entitlement details
[Licensing::Client] Successfully resolved entitlement details
 -> (artifact id: '620a3e2baa0e6a1814ff58b367e5c54c') in 0.104801 seconds
Number of updated asset objects reloaded before import = 0Number of asset objects unloaded after import = 3

========================================================================
Received Import Request.
  Time since last request: 0.000028 seconds.
  path: Assets/Layer Lab/GUI-Neon/Preview/PictoIcons.png
  artifactKey: Guid(9e60cc8a85d22455281dd4e522b9ce24) Importer(815301076,1909f56bfc062723c751e8b465ee728b)
Start importing Assets/Layer Lab/GUI-Neon/Preview/PictoIcons.png using Guid(9e60cc8a85d22455281dd4e522b9ce24) Importer(815301076,1909f56bfc062723c751e8b465ee728b) (PreviewImporter) -> (artifact id: '8c9a402137e2ad7c767fd0f24c24b9d8') in 0.0226099 seconds
Number of updated asset objects reloaded before import = 0Number of asset objects unloaded after import = 3

========================================================================
Received Import Request.
  Time since last request: 0.000035 seconds.
  path: Assets/Layer Lab/GUI-Neon/Preview/10_Complete.png
  artifactKey: Guid(2f48ccf2554944603a276db129a5ca93) Importer(815301076,1909f56bfc062723c751e8b465ee728b)
Start importing Assets/Layer Lab/GUI-Neon/Preview/10_Complete.png using Guid(2f48ccf2554944603a276db129a5ca93) Importer(815301076,1909f56bfc062723c751e8b465ee728b) (PreviewImporter) -> (artifact id: 'f310fb893a550dc6391404b88c5dfb4a') in 0.0213392 seconds
Number of updated asset objects reloaded before import = 0Number of asset objects unloaded after import = 3

========================================================================
Received Import Request.
  Time since last request: 0.000020 seconds.
  path: Assets/Layer Lab/GUI-Neon/Preview/08_Life.png
  artifactKey: Guid(4bee9cfa3c4eb4973a564cb6b524d54b) Importer(815301076,1909f56bfc062723c751e8b465ee728b)
Start importing Assets/Layer Lab/GUI-Neon/Preview/08_Life.png using Guid(4bee9cfa3c4eb4973a564cb6b524d54b) Importer(815301076,1909f56bfc062723c751e8b465ee728b) (PreviewImporter) -> (artifact id: 'd5464ff597c4d321f8e422ccf5f6cbaf') in 0.0191754 seconds
Number of updated asset objects reloaded before import = 0Number of asset objects unloaded after import = 3

========================================================================
Received Import Request.
  Time since last request: 0.000019 seconds.
  path: Assets/Layer Lab/GUI-Neon/Preview/00_Button_Solid.png
  artifactKey: Guid(c2b610853484346a1842ab412bab4c81) Importer(815301076,1909f56bfc062723c751e8b465ee728b)
Start importing Assets/Layer Lab/GUI-Neon/Preview/00_Button_Solid.png using Guid(c2b610853484346a1842ab412bab4c81) Importer(815301076,1909f56bfc062723c751e8b465ee728b) (PreviewImporter) -> (artifact id: '43a8e98a0d27e3da71d06cbd4a31f4ea') in 0.0238317 seconds
Number of updated asset objects reloaded before import = 0Number of asset objects unloaded after import = 3

========================================================================
Received Import Request.
  Time since last request: 0.000023 seconds.
  path: Assets/Layer Lab/GUI-Neon/Preview/Alphabet_White.png
  artifactKey: Guid(bc652c53bb9e84ce9b2ddaeb8c642e8e) Importer(815301076,1909f56bfc062723c751e8b465ee728b)
Start importing Assets/Layer Lab/GUI-Neon/Preview/Alphabet_White.png using Guid(bc652c53bb9e84ce9b2ddaeb8c642e8e) Importer(815301076,1909f56bfc062723c751e8b465ee728b) (PreviewImporter) -> (artifact id: 'e516e26f13c42a84e53cb4e346a74ea0') in 0.02099 seconds
Number of updated asset objects reloaded before import = 0Number of asset objects unloaded after import = 3

========================================================================
Received Import Request.
  Time since last request: 0.000044 seconds.
  path: Assets/Layer Lab/GUI-Neon/Preview/Alphabet_Orange.png
  artifactKey: Guid(f9c6c4847bacf47ad89ec10d47819452) Importer(815301076,1909f56bfc062723c751e8b465ee728b)
Start importing Assets/Layer Lab/GUI-Neon/Preview/Alphabet_Orange.png using Guid(f9c6c4847bacf47ad89ec10d47819452) Importer(815301076,1909f56bfc062723c751e8b465ee728b) (PreviewImporter) -> (artifact id: 'e855ecf2f55ddf2a3be007c47d8a7c36') in 0.0213372 seconds
Number of updated asset objects reloaded before import = 0Number of asset objects unloaded after import = 3

========================================================================
Received Import Request.
  Time since last request: 0.000019 seconds.
  path: Assets/Layer Lab/GUI-Neon/Preview/Alphabet_Blue.png
  artifactKey: Guid(dcc9e7838b1144c7b97deddbc9e6ad37) Importer(815301076,1909f56bfc062723c751e8b465ee728b)
Start importing Assets/Layer Lab/GUI-Neon/Preview/Alphabet_Blue.png using Guid(dcc9e7838b1144c7b97deddbc9e6ad37) Importer(815301076,1909f56bfc062723c751e8b465ee728b) (PreviewImporter) -> (artifact id: 'fd1eab0921e7f37feaca71d08838de41') in 0.0192869 seconds
Number of updated asset objects reloaded before import = 0Number of asset objects unloaded after import = 3

========================================================================
Received Import Request.
  Time since last request: 0.000022 seconds.
  path: Assets/Layer Lab/GUI-Neon/Preview/05_Setting.png
  artifactKey: Guid(6aa5c5b037e00428c9f1c1847ee4d5d3) Importer(815301076,1909f56bfc062723c751e8b465ee728b)
Start importing Assets/Layer Lab/GUI-Neon/Preview/05_Setting.png using Guid(6aa5c5b037e00428c9f1c1847ee4d5d3) Importer(815301076,1909f56bfc062723c751e8b465ee728b) (PreviewImporter) -> (artifact id: '021ac97ffc55c168f180b652e1132508') in 0.0276183 seconds
Number of updated asset objects reloaded before import = 0Number of asset objects unloaded after import = 3

========================================================================
Received Import Request.
  Time since last request: 0.000037 seconds.
  path: Assets/Layer Lab/GUI-Neon/Preview/04_Mission.png
  artifactKey: Guid(d8af0ae67f0a140d9952d57397ebd4fd) Importer(815301076,1909f56bfc062723c751e8b465ee728b)
Start importing Assets/Layer Lab/GUI-Neon/Preview/04_Mission.png using Guid(d8af0ae67f0a140d9952d57397ebd4fd) Importer(815301076,1909f56bfc062723c751e8b465ee728b) (PreviewImporter) -> (artifact id: '0277e448ab2058b68518aec9d8dd7b2a') in 0.0209871 seconds
Number of updated asset objects reloaded before import = 0Number of asset objects unloaded after import = 3

========================================================================
Received Import Request.
  Time since last request: 0.000032 seconds.
  path: Assets/Layer Lab/GUI-Neon/Preview/Alphabet_Peacock.png
  artifactKey: Guid(b81177ccc570a46639574bdd3c83ba96) Importer(815301076,1909f56bfc062723c751e8b465ee728b)
Start importing Assets/Layer Lab/GUI-Neon/Preview/Alphabet_Peacock.png using Guid(b81177ccc570a46639574bdd3c83ba96) Importer(815301076,1909f56bfc062723c751e8b465ee728b) (PreviewImporter) -> (artifact id: '309e7c0009c9d8120e5df27c901d8903') in 0.0185043 seconds
Number of updated asset objects reloaded before import = 0Number of asset objects unloaded after import = 3

========================================================================
Received Import Request.
  Time since last request: 0.000021 seconds.
  path: Assets/Layer Lab/GUI-Neon/Preview/00_Elements.png
  artifactKey: Guid(d7cee85d3a07f4071b47281d10e310b9) Importer(815301076,1909f56bfc062723c751e8b465ee728b)
Start importing Assets/Layer Lab/GUI-Neon/Preview/00_Elements.png using Guid(d7cee85d3a07f4071b47281d10e310b9) Importer(815301076,1909f56bfc062723c751e8b465ee728b) (PreviewImporter) -> (artifact id: 'ea30346056fb03c42331147e21bdd720') in 0.0177913 seconds
Number of updated asset objects reloaded before import = 0Number of asset objects unloaded after import = 3

========================================================================
Received Import Request.
  Time since last request: 0.000017 seconds.
  path: Assets/Layer Lab/GUI-Neon/Preview/01_Title.png
  artifactKey: Guid(ca40c12b6084a413faced690fb2c0c3a) Importer(815301076,1909f56bfc062723c751e8b465ee728b)
Start importing Assets/Layer Lab/GUI-Neon/Preview/01_Title.png using Guid(ca40c12b6084a413faced690fb2c0c3a) Importer(815301076,1909f56bfc062723c751e8b465ee728b) (PreviewImporter) -> (artifact id: '2bbd94c0e318d5da20c47f10a7fed143') in 0.0173152 seconds
Number of updated asset objects reloaded before import = 0Number of asset objects unloaded after import = 3

========================================================================
Received Import Request.
  Time since last request: 0.000018 seconds.
  path: Assets/Layer Lab/GUI-Neon/Preview/03_Message.png
  artifactKey: Guid(72062dc6780bb40b0a02caf83fe599f8) Importer(815301076,1909f56bfc062723c751e8b465ee728b)
Start importing Assets/Layer Lab/GUI-Neon/Preview/03_Message.png using Guid(72062dc6780bb40b0a02caf83fe599f8) Importer(815301076,1909f56bfc062723c751e8b465ee728b) (PreviewImporter) -> (artifact id: 'c9801d62b2e2b48e2653475696abc503') in 0.0156116 seconds
Number of updated asset objects reloaded before import = 0Number of asset objects unloaded after import = 3

========================================================================
Received Import Request.
  Time since last request: 0.000023 seconds.
  path: Assets/Layer Lab/GUI-Neon/Preview/00_Play.png
  artifactKey: Guid(228d211cc09d54c0194ca61f9c9323b7) Importer(815301076,1909f56bfc062723c751e8b465ee728b)
Start importing Assets/Layer Lab/GUI-Neon/Preview/00_Play.png using Guid(228d211cc09d54c0194ca61f9c9323b7) Importer(815301076,1909f56bfc062723c751e8b465ee728b) (PreviewImporter) -> (artifact id: '10ade8b13e30ceadaa506f5f12440a20') in 0.0202104 seconds
Number of updated asset objects reloaded before import = 0Number of asset objects unloaded after import = 3

========================================================================
Received Import Request.
  Time since last request: 4.623167 seconds.
  path: Assets/Layer Lab/GUI-Neon/PSD/00_Elements.psd
  artifactKey: Guid(fbbf6855cfd234e2caf96dea183ce6e6) Importer(815301076,1909f56bfc062723c751e8b465ee728b)
Start importing Assets/Layer Lab/GUI-Neon/PSD/00_Elements.psd using Guid(fbbf6855cfd234e2caf96dea183ce6e6) Importer(815301076,1909f56bfc062723c751e8b465ee728b) (PreviewImporter) -> (artifact id: '8d4aa9d081e0bebf3c5b82fa24ec5caa') in 0.0220819 seconds
Number of updated asset objects reloaded before import = 0Number of asset objects unloaded after import = 3

========================================================================
Received Import Request.
  Time since last request: 0.000021 seconds.
  path: Assets/Layer Lab/GUI-Neon/PSD/10_Complete.psd
  artifactKey: Guid(55582f0df9bfa4cb69d7894124d36124) Importer(815301076,1909f56bfc062723c751e8b465ee728b)
Start importing Assets/Layer Lab/GUI-Neon/PSD/10_Complete.psd using Guid(55582f0df9bfa4cb69d7894124d36124) Importer(815301076,1909f56bfc062723c751e8b465ee728b) (PreviewImporter) -> (artifact id: '750f3fc8b3f39f2803c1cd9a72720a38') in 0.0183095 seconds
Number of updated asset objects reloaded before import = 0Number of asset objects unloaded after import = 3

========================================================================
Received Import Request.
  Time since last request: 0.000023 seconds.
  path: Assets/Layer Lab/GUI-Neon/PSD/03_Message.psd
  artifactKey: Guid(7a5911b040fb74ac188c3c6b1b3d4038) Importer(815301076,1909f56bfc062723c751e8b465ee728b)
Start importing Assets/Layer Lab/GUI-Neon/PSD/03_Message.psd using Guid(7a5911b040fb74ac188c3c6b1b3d4038) Importer(815301076,1909f56bfc062723c751e8b465ee728b) (PreviewImporter) -> (artifact id: 'd7c4471f8fb05778b294a5568724aea1') in 0.0195308 seconds
Number of updated asset objects reloaded before import = 0Number of asset objects unloaded after import = 3

========================================================================
Received Import Request.
  Time since last request: 0.000028 seconds.
  path: Assets/Layer Lab/GUI-Neon/PSD/00_Play.psd
  artifactKey: Guid(36546ee7d8e0248fabb13404d8cb9683) Importer(815301076,1909f56bfc062723c751e8b465ee728b)
Start importing Assets/Layer Lab/GUI-Neon/PSD/00_Play.psd using Guid(36546ee7d8e0248fabb13404d8cb9683) Importer(815301076,1909f56bfc062723c751e8b465ee728b) (PreviewImporter) -> (artifact id: 'd6f4ad24aa635a683ee937f7479780e5') in 0.018092 seconds
Number of updated asset objects reloaded before import = 0Number of asset objects unloaded after import = 3

========================================================================
Received Import Request.
  Time since last request: 7.000769 seconds.
  path: Assets/Layer Lab/GUI-Neon/Prefabs/Prefabs_Component_UI_Etc/Notify_Count_White.prefab
  artifactKey: Guid(d3b2b4e32b16b4207bd28e894826b96d) Importer(815301076,1909f56bfc062723c751e8b465ee728b)
Start importing Assets/Layer Lab/GUI-Neon/Prefabs/Prefabs_Component_UI_Etc/Notify_Count_White.prefab using Guid(d3b2b4e32b16b4207bd28e894826b96d) Importer(815301076,1909f56bfc062723c751e8b465ee728b) (PreviewImporter) -> (artifact id: 'bae6ebb89740f6923028b6ed4ea772d0') in 0.0269084 seconds
Number of updated asset objects reloaded before import = 0Number of asset objects unloaded after import = 16

========================================================================
Received Import Request.
  Time since last request: 0.000015 seconds.
  path: Assets/Layer Lab/GUI-Neon/Prefabs/Prefabs_Component_UI_Etc/Toggle_Radio_White01.prefab
  artifactKey: Guid(e6ec087c6f9994802bf59f82263c16d9) Importer(815301076,1909f56bfc062723c751e8b465ee728b)
Start importing Assets/Layer Lab/GUI-Neon/Prefabs/Prefabs_Component_UI_Etc/Toggle_Radio_White01.prefab using Guid(e6ec087c6f9994802bf59f82263c16d9) Importer(815301076,1909f56bfc062723c751e8b465ee728b) (PreviewImporter) -> (artifact id: '7c180b5803e1269167ccd16217846895') in 0.0041749 seconds
Number of updated asset objects reloaded before import = 0Number of asset objects unloaded after import = 13

========================================================================
Received Import Request.
  Time since last request: 0.000014 seconds.
  path: Assets/Layer Lab/GUI-Neon/Prefabs/Prefabs_Component_UI_Etc/Toggle_Check_White-Group.prefab
  artifactKey: Guid(52879fbb455cc4b8cbb91eb821be3a30) Importer(815301076,1909f56bfc062723c751e8b465ee728b)
Start importing Assets/Layer Lab/GUI-Neon/Prefabs/Prefabs_Component_UI_Etc/Toggle_Check_White-Group.prefab using Guid(52879fbb455cc4b8cbb91eb821be3a30) Importer(815301076,1909f56bfc062723c751e8b465ee728b) (PreviewImporter) -> (artifact id: 'cf397df5b77b1d088111cf66acb719c1') in 0.00296 seconds
Number of updated asset objects reloaded before import = 0Number of asset objects unloaded after import = 31

========================================================================
Received Import Request.
  Time since last request: 0.000017 seconds.
  path: Assets/Layer Lab/GUI-Neon/Prefabs/Prefabs_Component_UI_Etc/Toggle_Switch_White.prefab
  artifactKey: Guid(bf902987f080a43f4a3189f0a711400b) Importer(815301076,1909f56bfc062723c751e8b465ee728b)
Start importing Assets/Layer Lab/GUI-Neon/Prefabs/Prefabs_Component_UI_Etc/Toggle_Switch_White.prefab using Guid(bf902987f080a43f4a3189f0a711400b) Importer(815301076,1909f56bfc062723c751e8b465ee728b) (PreviewImporter) -> (artifact id: 'ba27b8ebf6468c1c7cc6bc6a0d218c87') in 0.0028711 seconds
Number of updated asset objects reloaded before import = 0Number of asset objects unloaded after import = 33

========================================================================
Received Import Request.
  Time since last request: 0.000024 seconds.
  path: Assets/Layer Lab/GUI-Neon/Prefabs/Prefabs_Component_UI_Etc/Toggle_Check_White01.prefab
  artifactKey: Guid(22989001545e1401d8963fd4866fcdaa) Importer(815301076,1909f56bfc062723c751e8b465ee728b)
Start importing Assets/Layer Lab/GUI-Neon/Prefabs/Prefabs_Component_UI_Etc/Toggle_Check_White01.prefab using Guid(22989001545e1401d8963fd4866fcdaa) Importer(815301076,1909f56bfc062723c751e8b465ee728b) (PreviewImporter) -> (artifact id: 'd8b43605060e2a36d86fdf63991d8dbc') in 0.0025486 seconds
Number of updated asset objects reloaded before import = 0Number of asset objects unloaded after import = 13

========================================================================
Received Import Request.
  Time since last request: 0.000013 seconds.
  path: Assets/Layer Lab/GUI-Neon/Prefabs/Prefabs_Component_UI_Etc/Toggle_Check_White00.prefab
  artifactKey: Guid(6011e82f9bde34557a982afe6d3baebe) Importer(815301076,1909f56bfc062723c751e8b465ee728b)
Start importing Assets/Layer Lab/GUI-Neon/Prefabs/Prefabs_Component_UI_Etc/Toggle_Check_White00.prefab using Guid(6011e82f9bde34557a982afe6d3baebe) Importer(815301076,1909f56bfc062723c751e8b465ee728b) (PreviewImporter) -> (artifact id: 'f64a11e5935776248de5b965879c75c9') in 0.0023494 seconds
Number of updated asset objects reloaded before import = 0Number of asset objects unloaded after import = 13

Editor requested this worker to shutdown with reason: Scaling down because of idle timeout
AssetImportWorker is now disconnected from the server
Process exiting
Exiting without the bug reporter. Application will terminate with return code 0