[Licensing::Module] Trying to connect to existing licensing client channel...
Built from '6000.3/staging' branch; Version is '6000.3.4f1 (fdd3b8998ec4) revision 16634808'; Using compiler version '194234433'; Build Type 'Release'
[Licensing::IpcConnector] Successfully connected to: "LicenseClient-sande" at "2026-01-18T19:51:54.4366622Z"
OS: 'Windows 11  (10.0.26200) Core' Language: 'en' Physical Memory: 32651 MB
BatchMode: 1, IsHumanControllingUs: 0, StartBugReporterOnCrash: 0, Is64bit: 1
System  architecture: x64
Process architecture: x64
Date: 2026-01-18T19:51:54Z

COMMAND LINE ARGUMENTS:
C:\Program Files\Unity\Hub\Editor\6000.3.4f1-x86_64\Editor\Unity.exe
-adb2
-batchMode
-noUpm
-name
AssetImportWorker9
-projectPath
C:/UnityProjects/Polarity-Pulse/Polarity Pulse
-logFile
Logs/AssetImportWorker9.log
-srvPort
63050
-licensingIpc
LicenseClient-sande
-job-worker-count
7
-background-job-worker-count
8
-gc-helper-count
1
-name
AssetImport
Successfully changed project path to: C:/UnityProjects/Polarity-Pulse/Polarity Pulse
C:/UnityProjects/Polarity-Pulse/Polarity Pulse
[UnityMemory] Configuration Parameters - Can be set up in boot.config
    "memorysetup-temp-allocator-size-nav-mesh-worker=65536"
    "memorysetup-temp-allocator-size-audio-worker=65536"
    "memorysetup-temp-allocator-size-gfx=262144"
    "memorysetup-allocator-temp-initial-block-size-main=262144"
    "memorysetup-allocator-temp-initial-block-size-worker=262144"
    "memorysetup-temp-allocator-size-background-worker=32768"
    "memorysetup-temp-allocator-size-job-worker=262144"
    "memorysetup-temp-allocator-size-preload-manager=33554432"
    "memorysetup-temp-allocator-size-gi-baking-worker=262144"
    "memorysetup-temp-allocator-size-gi-baking-worker=262144"
    "memorysetup-temp-allocator-size-gi-baking-worker=262144"
    "memorysetup-temp-allocator-size-gi-baking-worker=262144"
    "memorysetup-temp-allocator-size-gi-baking-worker=262144"
    "memorysetup-bucket-allocator-granularity=16"
    "memorysetup-bucket-allocator-bucket-count=8"
    "memorysetup-bucket-allocator-block-size=33554432"
    "memorysetup-bucket-allocator-block-count=8"
    "memorysetup-main-allocator-block-size=16777216"
    "memorysetup-thread-allocator-block-size=16777216"
    "memorysetup-gfx-main-allocator-block-size=16777216"
    "memorysetup-gfx-thread-allocator-block-size=16777216"
    "memorysetup-cache-allocator-block-size=4194304"
    "memorysetup-typetree-allocator-block-size=2097152"
    "memorysetup-profiler-bucket-allocator-granularity=16"
    "memorysetup-profiler-bucket-allocator-bucket-count=8"
    "memorysetup-profiler-bucket-allocator-block-size=33554432"
    "memorysetup-profiler-bucket-allocator-block-count=8"
    "memorysetup-profiler-allocator-block-size=16777216"
    "memorysetup-profiler-editor-allocator-block-size=1048576"
    "memorysetup-temp-allocator-size-main=16777216"
    "memorysetup-job-temp-allocator-block-size=2097152"
    "memorysetup-job-temp-allocator-block-size-background=1048576"
    "memorysetup-job-temp-allocator-reduction-small-platforms=262144"
    "memorysetup-temp-allocator-size-cloud-worker=32768"
Player connection [28160]  Target information:

Player connection [28160]  * "[IP] 172.16.25.2 [Port] 0 [Flags] 2 [Guid] 59592481 [EditorId] 59592481 [Version] 1048832 [Id] WindowsEditor(7,PETTAI) [Debug] 1 [PackageName] WindowsEditor [ProjectName] Editor" 

Player connection [28160] Host joined multi-casting on [225.0.0.222:54997]...
Player connection [28160] Host joined alternative multi-casting on [225.0.0.222:34997]...
JobSystem: Creating JobQueue using job-worker-count value 7
Input System module state changed to: Initialized.
[Physics::Module] Initialized fallback backend.
[Physics::Module] Id: 0xdecafbad
Library Redirect Path: Library/
[Physics::Module] Selected backend.
[Physics::Module] Name: PhysX
[Physics::Module] Id: 0xf2b8ea05
[Physics::Module] SDK Version: 4.1.2
[Physics::Module] Integration Version: 1.0.0
[Physics::Module] Threading Mode: Multi-Threaded
Refreshing native plugins compatible for Editor in 4.60 ms, found 4 plugins.
Preloading 0 native plugins for Editor in 0.00 ms.
Initialize engine version: 6000.3.4f1 (fdd3b8998ec4)
[Subsystems] Discovering subsystems at path C:/Program Files/Unity/Hub/Editor/6000.3.4f1-x86_64/Editor/Data/Resources/UnitySubsystems
[Subsystems] Discovering subsystems at path C:/UnityProjects/Polarity-Pulse/Polarity Pulse/Assets
GfxDevice: creating device client; kGfxThreadingModeNonThreaded
Direct3D:
    Version:  Direct3D 11.0 [level 11.1]
    Renderer: AMD Radeon RX 6800 (ID=0x73bf)
    Vendor:   ATI
    VRAM:     16337 MB
    Driver:   32.0.21037.1004
Initialize mono
Mono path[0] = 'C:/Program Files/Unity/Hub/Editor/6000.3.4f1-x86_64/Editor/Data/Managed'
Mono path[1] = 'C:/Program Files/Unity/Hub/Editor/6000.3.4f1-x86_64/Editor/Data/MonoBleedingEdge/lib/mono/unityjit-win32'
Mono config path = 'C:/Program Files/Unity/Hub/Editor/6000.3.4f1-x86_64/Editor/Data/MonoBleedingEdge/etc'
Using monoOptions --debugger-agent=transport=dt_socket,embedding=1,server=y,suspend=n,address=127.0.0.1:56120
Begin MonoManager ReloadAssembly
Registering precompiled unity dll's ...
Register platform support module: C:/Program Files/Unity/Hub/Editor/6000.3.4f1-x86_64/Editor/Data/PlaybackEngines/WindowsStandaloneSupport/UnityEditor.WindowsStandalone.Extensions.dll
[Licensing::Module] Licensing is not yet initialized.
[Licensing::Client] Handshaking with LicensingClient:
  Version:                 1.17.4+4293ba1
  Session Id:              d8c3b8cb3cb543e59d1afdffae3749ae
  Correlation Id:          2d1e7e5f643af8c1ce5d0a7b60c947a1
  External correlation Id: 8557850538851642636
  Machine Id:              NYc6ToqiHgkvIXzAQ4TvLAeYWX8=
[Licensing::Module] Successfully connected to LicensingClient on channel: "LicenseClient-sande" (connect: 0.00s, validation: 0.00s, handshake: 1.18s)
[Licensing::IpcConnector] Successfully connected to: "LicenseClient-sande-notifications" at "2026-01-18T19:51:55.6141848Z"
[Licensing::Module] Licensing Background thread has ended after 1.18s
[Licensing::Module] Licensing is initialized (took 0.23s).
[Licensing::Client] Successfully resolved entitlement details
[Licensing::Module] License group:
  Id: 5773558354092-UnityPersXXXX
  Product: Unity Personal
  Type: Assigned
  Expiration: Unlimited
Register platform support module: C:/Program Files/Unity/Hub/Editor/6000.3.4f1-x86_64/Editor/Data/PlaybackEngines/AndroidPlayer/UnityEditor.Android.Extensions.dll
[Licensing::Client] Successfully resolved entitlement details
Register platform support module: C:/Program Files/Unity/Hub/Editor/6000.3.4f1-x86_64/Editor/Data/PlaybackEngines/iOSSupport/UnityEditor.iOS.Extensions.dll
Registered in 0.237710 seconds.
- Loaded All Assemblies, in  0.817 seconds
[usbmuxd] Start listen thread
[usbmuxd] Listen thread started
[usbmuxd] Send listen message
Native extension for iOS target not found
Native extension for Android target not found
Android Extension - Scanning For ADB Devices 278 ms
Native extension for WindowsStandalone target not found
ScheduleIndexationOnStartup MainProcess:False IndexOnStartup:True
Mono: successfully reloaded assembly
- Finished resetting the current domain, in  0.845 seconds
Domain Reload Profiling: 1657ms
	BeginReloadAssembly (197ms)
		ExecutionOrderSort (0ms)
		DisableScriptedObjects (0ms)
		BackupInstance (0ms)
		ReleaseScriptingObjects (0ms)
		CreateAndSetChildDomain (1ms)
	RebuildCommonClasses (75ms)
	RebuildNativeTypeToScriptingClass (20ms)
	initialDomainReloadingComplete (308ms)
	LoadAllAssembliesAndSetupDomain (211ms)
		LoadAssemblies (191ms)
		RebuildTransferFunctionScriptingTraits (0ms)
		AnalyzeDomain (206ms)
			TypeCache.Refresh (204ms)
				TypeCache.ScanAssembly (188ms)
			BuildScriptInfoCaches (0ms)
			ResolveRequiredComponents (1ms)
	FinalizeReload (846ms)
		ReleaseScriptCaches (0ms)
		RebuildScriptCaches (0ms)
		SetupLoadedEditorAssemblies (791ms)
			LogAssemblyErrors (0ms)
			InitializePlatformSupportModulesInManaged (411ms)
			SetLoadedEditorAssemblies (5ms)
			BeforeProcessingInitializeOnLoad (120ms)
			ProcessInitializeOnLoadAttributes (170ms)
			ProcessInitializeOnLoadMethodAttributes (85ms)
			AfterProcessingInitializeOnLoad (0ms)
			EditorAssembliesLoaded (0ms)
		ExecutionOrderSort2 (0ms)
		AwakeInstancesAfterBackupRestoration (0ms)
========================================================================
Worker process is ready to serve import requests
Import Worker Mode flag is 0x00
Begin MonoManager ReloadAssembly
[Licensing::Client] Successfully resolved entitlement details
- Loaded All Assemblies, in  0.872 seconds
Refreshing native plugins compatible for Editor in 1.80 ms, found 4 plugins.
Native extension for iOS target not found
Native extension for Android target not found
Native extension for WindowsStandalone target not found
Package Manager log level set to [2]
[Package Manager] Failed to launch server process. Reason: Unity was launched with the -noUpm command-line argument
[Package Manager] Unable to send message (not connected to server process).
[Package Manager] Cannot connect to Unity Package Manager local server
ScheduleIndexationOnStartup MainProcess:False IndexOnStartup:True
Mono: successfully reloaded assembly
- Finished resetting the current domain, in  1.041 seconds
Domain Reload Profiling: 1905ms
	BeginReloadAssembly (185ms)
		ExecutionOrderSort (0ms)
		DisableScriptedObjects (8ms)
		BackupInstance (0ms)
		ReleaseScriptingObjects (0ms)
		CreateAndSetChildDomain (39ms)
	RebuildCommonClasses (35ms)
	RebuildNativeTypeToScriptingClass (11ms)
	initialDomainReloadingComplete (40ms)
	LoadAllAssembliesAndSetupDomain (592ms)
		LoadAssemblies (450ms)
		RebuildTransferFunctionScriptingTraits (0ms)
		AnalyzeDomain (236ms)
			TypeCache.Refresh (170ms)
				TypeCache.ScanAssembly (155ms)
			BuildScriptInfoCaches (53ms)
			ResolveRequiredComponents (9ms)
	FinalizeReload (1041ms)
		ReleaseScriptCaches (0ms)
		RebuildScriptCaches (0ms)
		SetupLoadedEditorAssemblies (887ms)
			LogAssemblyErrors (0ms)
			InitializePlatformSupportModulesInManaged (14ms)
			SetLoadedEditorAssemblies (6ms)
			BeforeProcessingInitializeOnLoad (232ms)
			ProcessInitializeOnLoadAttributes (503ms)
			ProcessInitializeOnLoadMethodAttributes (124ms)
			AfterProcessingInitializeOnLoad (8ms)
			EditorAssembliesLoaded (0ms)
		ExecutionOrderSort2 (0ms)
		AwakeInstancesAfterBackupRestoration (5ms)
Launched and connected shader compiler UnityShaderCompiler.exe after 0.01 seconds
Refreshing native plugins compatible for Editor in 2.17 ms, found 4 plugins.
Preloading 0 native plugins for Editor in 0.00 ms.
Unloading 16 Unused Serialized files (Serialized files now loaded: 0)
Unloading 6926 unused Assets / (4.6 MB). Loaded Objects now: 7764.
Memory consumption went from 158.8 MB to 154.1 MB.
Total: 8.834600 ms (FindLiveObjects: 0.668100 ms CreateObjectMapping: 0.397800 ms MarkObjects: 5.852700 ms  DeleteObjects: 1.915200 ms)

========================================================================
Received Import Request.
  Time since last request: 95148.062326 seconds.
  path: Assets/Space_Exploration_GUI_Kit/Picto_Icons/White/--32.png
  artifactKey: Guid(28016fe3232abd94da00de98a3573bed) Importer(815301076,1909f56bfc062723c751e8b465ee728b)
Start importing Assets/Space_Exploration_GUI_Kit/Picto_Icons/White/--32.png using Guid(28016fe3232abd94da00de98a3573bed) Importer(815301076,1909f56bfc062723c751e8b465ee728b) (PreviewImporter) -> (artifact id: '88dd095da6c948980c1ae764fc666ffb') in 0.0821399 seconds
Number of updated asset objects reloaded before import = 0Number of asset objects unloaded after import = 3

========================================================================
Received Import Request.
  Time since last request: 0.000022 seconds.
  path: Assets/Space_Exploration_GUI_Kit/Picto_Icons/White/@-128.png
  artifactKey: Guid(97e017db553a45345b6c43a475d1b015) Importer(815301076,1909f56bfc062723c751e8b465ee728b)
Start importing Assets/Space_Exploration_GUI_Kit/Picto_Icons/White/@-128.png using Guid(97e017db553a45345b6c43a475d1b015) Importer(815301076,1909f56bfc062723c751e8b465ee728b) (PreviewImporter) -> (artifact id: 'c2ec83f2a056326c8cc9801fd71d25f2') in 0.0168016 seconds
Number of updated asset objects reloaded before import = 0Number of asset objects unloaded after import = 3

========================================================================
Received Import Request.
  Time since last request: 0.000024 seconds.
  path: Assets/Space_Exploration_GUI_Kit/Picto_Icons/White/alien-256.png
  artifactKey: Guid(13deb4298b81c5c46883b7070c65aec1) Importer(815301076,1909f56bfc062723c751e8b465ee728b)
Start importing Assets/Space_Exploration_GUI_Kit/Picto_Icons/White/alien-256.png using Guid(13deb4298b81c5c46883b7070c65aec1) Importer(815301076,1909f56bfc062723c751e8b465ee728b) (PreviewImporter) -> (artifact id: '3df5ec58da1d061bdb93c43ca8df203a') in 0.018168 seconds
Number of updated asset objects reloaded before import = 0Number of asset objects unloaded after import = 3

========================================================================
Received Import Request.
  Time since last request: 0.000019 seconds.
  path: Assets/Space_Exploration_GUI_Kit/Picto_Icons/White/banner-128.png
  artifactKey: Guid(5057304abebe82441ae1677455716852) Importer(815301076,1909f56bfc062723c751e8b465ee728b)
Start importing Assets/Space_Exploration_GUI_Kit/Picto_Icons/White/banner-128.png using Guid(5057304abebe82441ae1677455716852) Importer(815301076,1909f56bfc062723c751e8b465ee728b) (PreviewImporter) -> (artifact id: '9e490c8bd2648fb911fcc503d4a2d326') in 0.0189228 seconds
Number of updated asset objects reloaded before import = 0Number of asset objects unloaded after import = 3

========================================================================
Received Import Request.
  Time since last request: 0.000015 seconds.
  path: Assets/Space_Exploration_GUI_Kit/Picto_Icons/White/bell-off-32.png
  artifactKey: Guid(250e8819e34bec7478910647bbb35d33) Importer(815301076,1909f56bfc062723c751e8b465ee728b)
Start importing Assets/Space_Exploration_GUI_Kit/Picto_Icons/White/bell-off-32.png using Guid(250e8819e34bec7478910647bbb35d33) Importer(815301076,1909f56bfc062723c751e8b465ee728b) (PreviewImporter) -> (artifact id: '288bfb89f1638973eabd92c1e04d8aca') in 0.0175171 seconds
Number of updated asset objects reloaded before import = 0Number of asset objects unloaded after import = 3

========================================================================
Received Import Request.
  Time since last request: 0.000013 seconds.
  path: Assets/Space_Exploration_GUI_Kit/Picto_Icons/White/add-person-64.png
  artifactKey: Guid(edd2d8d9c80339041928cbb59b0637be) Importer(815301076,1909f56bfc062723c751e8b465ee728b)
Start importing Assets/Space_Exploration_GUI_Kit/Picto_Icons/White/add-person-64.png using Guid(edd2d8d9c80339041928cbb59b0637be) Importer(815301076,1909f56bfc062723c751e8b465ee728b) (PreviewImporter) -> (artifact id: 'aed654cdf58f962c13b7a52a4e7bb2be') in 0.0175336 seconds
Number of updated asset objects reloaded before import = 0Number of asset objects unloaded after import = 3

========================================================================
Received Import Request.
  Time since last request: 0.000018 seconds.
  path: Assets/Space_Exploration_GUI_Kit/Picto_Icons/White/astronaut-64.png
  artifactKey: Guid(9b4b33f01da78dd44b546f25d019f7dd) Importer(815301076,1909f56bfc062723c751e8b465ee728b)
Start importing Assets/Space_Exploration_GUI_Kit/Picto_Icons/White/astronaut-64.png using Guid(9b4b33f01da78dd44b546f25d019f7dd) Importer(815301076,1909f56bfc062723c751e8b465ee728b) (PreviewImporter) -> (artifact id: '5dda2d8f790629d2b3266f437fd02f8c') in 0.0193648 seconds
Number of updated asset objects reloaded before import = 0Number of asset objects unloaded after import = 3

========================================================================
Received Import Request.
  Time since last request: 0.000025 seconds.
  path: Assets/Space_Exploration_GUI_Kit/Picto_Icons/White/bell-off-256.png
  artifactKey: Guid(31eb4c060b6db6241bf776aad5e0b441) Importer(815301076,1909f56bfc062723c751e8b465ee728b)
Start importing Assets/Space_Exploration_GUI_Kit/Picto_Icons/White/bell-off-256.png using Guid(31eb4c060b6db6241bf776aad5e0b441) Importer(815301076,1909f56bfc062723c751e8b465ee728b) (PreviewImporter) -> (artifact id: 'faf3b5f20e661bb615927fa004d72599') in 0.017118 seconds
Number of updated asset objects reloaded before import = 0Number of asset objects unloaded after import = 3

========================================================================
Received Import Request.
  Time since last request: 0.000014 seconds.
  path: Assets/Space_Exploration_GUI_Kit/Picto_Icons/White/ad-256.png
  artifactKey: Guid(5b2e616512344474f89a35fca06f96c0) Importer(815301076,1909f56bfc062723c751e8b465ee728b)
Start importing Assets/Space_Exploration_GUI_Kit/Picto_Icons/White/ad-256.png using Guid(5b2e616512344474f89a35fca06f96c0) Importer(815301076,1909f56bfc062723c751e8b465ee728b) (PreviewImporter) -> (artifact id: '9b5a2ed7dcea2e88271aa8e0fcecd9f0') in 0.0179754 seconds
Number of updated asset objects reloaded before import = 0Number of asset objects unloaded after import = 3

========================================================================
Received Import Request.
  Time since last request: 0.000016 seconds.
  path: Assets/Space_Exploration_GUI_Kit/Picto_Icons/White/ad-64.png
  artifactKey: Guid(0ef0dc52558627346ae9a47fafde8a9e) Importer(815301076,1909f56bfc062723c751e8b465ee728b)
Start importing Assets/Space_Exploration_GUI_Kit/Picto_Icons/White/ad-64.png using Guid(0ef0dc52558627346ae9a47fafde8a9e) Importer(815301076,1909f56bfc062723c751e8b465ee728b) (PreviewImporter) -> (artifact id: '9f9a47f64babec7ea4e2ca369ea3ead6') in 0.0196458 seconds
Number of updated asset objects reloaded before import = 0Number of asset objects unloaded after import = 3

========================================================================
Received Import Request.
  Time since last request: 0.000013 seconds.
  path: Assets/Space_Exploration_GUI_Kit/Picto_Icons/White/black-hole-32.png
  artifactKey: Guid(3ece22dc5b3c8b94fbe702c03d85e080) Importer(815301076,1909f56bfc062723c751e8b465ee728b)
Start importing Assets/Space_Exploration_GUI_Kit/Picto_Icons/White/black-hole-32.png using Guid(3ece22dc5b3c8b94fbe702c03d85e080) Importer(815301076,1909f56bfc062723c751e8b465ee728b) (PreviewImporter) -> (artifact id: '4f85f714630e95214e80968f46bbe661') in 0.0175505 seconds
Number of updated asset objects reloaded before import = 0Number of asset objects unloaded after import = 3

========================================================================
Received Import Request.
  Time since last request: 0.000020 seconds.
  path: Assets/Space_Exploration_GUI_Kit/Picto_Icons/White/all-white-128.png
  artifactKey: Guid(1879019500549aa45a356fad9131eab2) Importer(815301076,1909f56bfc062723c751e8b465ee728b)
Start importing Assets/Space_Exploration_GUI_Kit/Picto_Icons/White/all-white-128.png using Guid(1879019500549aa45a356fad9131eab2) Importer(815301076,1909f56bfc062723c751e8b465ee728b) (PreviewImporter) -> (artifact id: 'af95e93fda7dedad0bb9e1f809e49b61') in 0.0173475 seconds
Number of updated asset objects reloaded before import = 0Number of asset objects unloaded after import = 3

========================================================================
Received Import Request.
  Time since last request: 0.000022 seconds.
  path: Assets/Space_Exploration_GUI_Kit/Picto_Icons/White/back-256.png
  artifactKey: Guid(1d4f94d5a4246924fb8a939518781c6e) Importer(815301076,1909f56bfc062723c751e8b465ee728b)
Start importing Assets/Space_Exploration_GUI_Kit/Picto_Icons/White/back-256.png using Guid(1d4f94d5a4246924fb8a939518781c6e) Importer(815301076,1909f56bfc062723c751e8b465ee728b) (PreviewImporter) -> (artifact id: '7f582e5b536b3d1b2141717d2220a0bd') in 0.0148014 seconds
Number of updated asset objects reloaded before import = 0Number of asset objects unloaded after import = 3

========================================================================
Received Import Request.
  Time since last request: 0.224273 seconds.
  path: Assets/Space_Exploration_GUI_Kit/Picto_Icons/White/bluetooth-64.png
  artifactKey: Guid(2e7bbef8471118548bd34cfd753f1b95) Importer(815301076,1909f56bfc062723c751e8b465ee728b)
Start importing Assets/Space_Exploration_GUI_Kit/Picto_Icons/White/bluetooth-64.png using Guid(2e7bbef8471118548bd34cfd753f1b95) Importer(815301076,1909f56bfc062723c751e8b465ee728b) (PreviewImporter) -> (artifact id: 'dcb4e98d5f1efba3bef683f28b4daa96') in 0.0157599 seconds
Number of updated asset objects reloaded before import = 0Number of asset objects unloaded after import = 3

========================================================================
Received Import Request.
  Time since last request: 0.000017 seconds.
  path: Assets/Space_Exploration_GUI_Kit/Picto_Icons/White/bolt-64.png
  artifactKey: Guid(0de5dd36b497ed848be7c5be6a14eaf4) Importer(815301076,1909f56bfc062723c751e8b465ee728b)
Start importing Assets/Space_Exploration_GUI_Kit/Picto_Icons/White/bolt-64.png using Guid(0de5dd36b497ed848be7c5be6a14eaf4) Importer(815301076,1909f56bfc062723c751e8b465ee728b) (PreviewImporter) -> (artifact id: 'be4776e1dc6a51eae1ccde94ba65aab1') in 0.0162077 seconds
Number of updated asset objects reloaded before import = 0Number of asset objects unloaded after import = 3

========================================================================
Received Import Request.
  Time since last request: 0.000021 seconds.
  path: Assets/Space_Exploration_GUI_Kit/Picto_Icons/White/bluetooth-256.png
  artifactKey: Guid(aec0779daef5c3a4b99046e1eaac9eea) Importer(815301076,1909f56bfc062723c751e8b465ee728b)
Start importing Assets/Space_Exploration_GUI_Kit/Picto_Icons/White/bluetooth-256.png using Guid(aec0779daef5c3a4b99046e1eaac9eea) Importer(815301076,1909f56bfc062723c751e8b465ee728b) (PreviewImporter) -> (artifact id: '3636d22e98365672a9d15af00eca49fb') in 0.0181653 seconds
Number of updated asset objects reloaded before import = 0Number of asset objects unloaded after import = 3

========================================================================
Received Import Request.
  Time since last request: 0.000017 seconds.
  path: Assets/Space_Exploration_GUI_Kit/Picto_Icons/White/calendar-256.png
  artifactKey: Guid(745bbb26cf7c26044a9c2c0cb0d1baa6) Importer(815301076,1909f56bfc062723c751e8b465ee728b)
Start importing Assets/Space_Exploration_GUI_Kit/Picto_Icons/White/calendar-256.png using Guid(745bbb26cf7c26044a9c2c0cb0d1baa6) Importer(815301076,1909f56bfc062723c751e8b465ee728b) (PreviewImporter) -> (artifact id: '4774035e4399c36443de42aee0ca6219') in 0.0168357 seconds
Number of updated asset objects reloaded before import = 0Number of asset objects unloaded after import = 3

========================================================================
Received Import Request.
  Time since last request: 0.000020 seconds.
  path: Assets/Space_Exploration_GUI_Kit/Picto_Icons/White/caution-32.png
  artifactKey: Guid(310bc7f28e1dc234bb57c7fc423ca128) Importer(815301076,1909f56bfc062723c751e8b465ee728b)
Start importing Assets/Space_Exploration_GUI_Kit/Picto_Icons/White/caution-32.png using Guid(310bc7f28e1dc234bb57c7fc423ca128) Importer(815301076,1909f56bfc062723c751e8b465ee728b) (PreviewImporter) -> (artifact id: '309afe82655754dc69a56eda7faa37bd') in 0.017297 seconds
Number of updated asset objects reloaded before import = 0Number of asset objects unloaded after import = 3

========================================================================
Received Import Request.
  Time since last request: 0.000016 seconds.
  path: Assets/Space_Exploration_GUI_Kit/Picto_Icons/White/buy-256.png
  artifactKey: Guid(843d29cdda2816e4cbc04fb96501aa4b) Importer(815301076,1909f56bfc062723c751e8b465ee728b)
Start importing Assets/Space_Exploration_GUI_Kit/Picto_Icons/White/buy-256.png using Guid(843d29cdda2816e4cbc04fb96501aa4b) Importer(815301076,1909f56bfc062723c751e8b465ee728b) (PreviewImporter) -> (artifact id: '732ede8611ec1b21f4ab14a983a55587') in 0.0188657 seconds
Number of updated asset objects reloaded before import = 0Number of asset objects unloaded after import = 3

========================================================================
Received Import Request.
  Time since last request: 0.314954 seconds.
  path: Assets/Space_Exploration_GUI_Kit/Picto_Icons/White/chat-64.png
  artifactKey: Guid(845d39d9c1d6da643b093dfa271f896f) Importer(815301076,1909f56bfc062723c751e8b465ee728b)
Start importing Assets/Space_Exploration_GUI_Kit/Picto_Icons/White/chat-64.png using Guid(845d39d9c1d6da643b093dfa271f896f) Importer(815301076,1909f56bfc062723c751e8b465ee728b) (PreviewImporter) -> (artifact id: 'fe906a932c042a4462a3712df9fb84cb') in 0.0167807 seconds
Number of updated asset objects reloaded before import = 0Number of asset objects unloaded after import = 3

========================================================================
Received Import Request.
  Time since last request: 0.000014 seconds.
  path: Assets/Space_Exploration_GUI_Kit/Picto_Icons/White/chest-128.png
  artifactKey: Guid(ad28b8d63521ba84ab70a339d8aaf42f) Importer(815301076,1909f56bfc062723c751e8b465ee728b)
Start importing Assets/Space_Exploration_GUI_Kit/Picto_Icons/White/chest-128.png using Guid(ad28b8d63521ba84ab70a339d8aaf42f) Importer(815301076,1909f56bfc062723c751e8b465ee728b) (PreviewImporter) -> (artifact id: 'a485454e4886840104d63ac0f2b0e510') in 0.0181194 seconds
Number of updated asset objects reloaded before import = 0Number of asset objects unloaded after import = 3

========================================================================
Received Import Request.
  Time since last request: 0.000015 seconds.
  path: Assets/Space_Exploration_GUI_Kit/Picto_Icons/White/chest-256.png
  artifactKey: Guid(1b27dc9e41f6d714199acc1632bb6083) Importer(815301076,1909f56bfc062723c751e8b465ee728b)
Start importing Assets/Space_Exploration_GUI_Kit/Picto_Icons/White/chest-256.png using Guid(1b27dc9e41f6d714199acc1632bb6083) Importer(815301076,1909f56bfc062723c751e8b465ee728b) (PreviewImporter) -> (artifact id: '1a806cf979b481e6db6d41d9f51a0a68') in 0.0164924 seconds
Number of updated asset objects reloaded before import = 0Number of asset objects unloaded after import = 3

========================================================================
Received Import Request.
  Time since last request: 0.939763 seconds.
  path: Assets/Space_Exploration_GUI_Kit/Picto_Icons/White/commet-64.png
  artifactKey: Guid(fb1d160552c0ca643885864b37b0db89) Importer(815301076,1909f56bfc062723c751e8b465ee728b)
Start importing Assets/Space_Exploration_GUI_Kit/Picto_Icons/White/commet-64.png using Guid(fb1d160552c0ca643885864b37b0db89) Importer(815301076,1909f56bfc062723c751e8b465ee728b) (PreviewImporter) -> (artifact id: 'db01c28f284055a2295a13dbbb1bfdfa') in 0.0165798 seconds
Number of updated asset objects reloaded before import = 0Number of asset objects unloaded after import = 3

========================================================================
Received Import Request.
  Time since last request: 0.000014 seconds.
  path: Assets/Space_Exploration_GUI_Kit/Picto_Icons/White/crescent-moon-256.png
  artifactKey: Guid(122be8ab3412fd04db2556efd7e93f1a) Importer(815301076,1909f56bfc062723c751e8b465ee728b)
Start importing Assets/Space_Exploration_GUI_Kit/Picto_Icons/White/crescent-moon-256.png using Guid(122be8ab3412fd04db2556efd7e93f1a) Importer(815301076,1909f56bfc062723c751e8b465ee728b) (PreviewImporter) -> (artifact id: 'dacdcdc631c820dacb4f15583410f689') in 0.0187531 seconds
Number of updated asset objects reloaded before import = 0Number of asset objects unloaded after import = 3

========================================================================
Received Import Request.
  Time since last request: 0.000020 seconds.
  path: Assets/Space_Exploration_GUI_Kit/Picto_Icons/White/crown-128.png
  artifactKey: Guid(a34b1253314094a4d83a4bd11c24e782) Importer(815301076,1909f56bfc062723c751e8b465ee728b)
Start importing Assets/Space_Exploration_GUI_Kit/Picto_Icons/White/crown-128.png using Guid(a34b1253314094a4d83a4bd11c24e782) Importer(815301076,1909f56bfc062723c751e8b465ee728b) (PreviewImporter) -> (artifact id: '8912e7464eb4cfd736f37f42db171683') in 0.0176494 seconds
Number of updated asset objects reloaded before import = 0Number of asset objects unloaded after import = 3

========================================================================
Received Import Request.
  Time since last request: 0.000022 seconds.
  path: Assets/Space_Exploration_GUI_Kit/Picto_Icons/White/crescent-moon-32.png
  artifactKey: Guid(7407a54ee180eb64391813fe65f949fc) Importer(815301076,1909f56bfc062723c751e8b465ee728b)
Start importing Assets/Space_Exploration_GUI_Kit/Picto_Icons/White/crescent-moon-32.png using Guid(7407a54ee180eb64391813fe65f949fc) Importer(815301076,1909f56bfc062723c751e8b465ee728b) (PreviewImporter) -> (artifact id: '8e6ae6933b0477bef4d13c81c7ace337') in 0.0177675 seconds
Number of updated asset objects reloaded before import = 0Number of asset objects unloaded after import = 3

========================================================================
Received Import Request.
  Time since last request: 0.000017 seconds.
  path: Assets/Space_Exploration_GUI_Kit/Picto_Icons/White/door-256.png
  artifactKey: Guid(56e5b3f3ec527ef4286b852abd042826) Importer(815301076,1909f56bfc062723c751e8b465ee728b)
Start importing Assets/Space_Exploration_GUI_Kit/Picto_Icons/White/door-256.png using Guid(56e5b3f3ec527ef4286b852abd042826) Importer(815301076,1909f56bfc062723c751e8b465ee728b) (PreviewImporter) -> (artifact id: '01dd18f099ad1c43e5eb9f423dbb1a52') in 0.0172873 seconds
Number of updated asset objects reloaded before import = 0Number of asset objects unloaded after import = 4

========================================================================
Received Import Request.
  Time since last request: 0.000018 seconds.
  path: Assets/Space_Exploration_GUI_Kit/Picto_Icons/White/diamond-128.png
  artifactKey: Guid(e774dce92a643be4dac822e685b63cf4) Importer(815301076,1909f56bfc062723c751e8b465ee728b)
Start importing Assets/Space_Exploration_GUI_Kit/Picto_Icons/White/diamond-128.png using Guid(e774dce92a643be4dac822e685b63cf4) Importer(815301076,1909f56bfc062723c751e8b465ee728b) (PreviewImporter) -> (artifact id: '24df099036f0eee934629979c877ed22') in 0.0177103 seconds
Number of updated asset objects reloaded before import = 0Number of asset objects unloaded after import = 3

========================================================================
Received Import Request.
  Time since last request: 1.633803 seconds.
  path: Assets/Space_Exploration_GUI_Kit/Picto_Icons/White/download-64.png
  artifactKey: Guid(5088b1746e3b2504c845d30dd092c6f8) Importer(815301076,1909f56bfc062723c751e8b465ee728b)
Start importing Assets/Space_Exploration_GUI_Kit/Picto_Icons/White/download-64.png using Guid(5088b1746e3b2504c845d30dd092c6f8) Importer(815301076,1909f56bfc062723c751e8b465ee728b) (PreviewImporter) -> (artifact id: '02d0b194792c0eef2066fab09d35efdc') in 0.0186435 seconds
Number of updated asset objects reloaded before import = 0Number of asset objects unloaded after import = 3

========================================================================
Received Import Request.
  Time since last request: 0.000015 seconds.
  path: Assets/Space_Exploration_GUI_Kit/Picto_Icons/White/fast-forward-32.png
  artifactKey: Guid(f8c8abf819ff41d498ecaaef8d807292) Importer(815301076,1909f56bfc062723c751e8b465ee728b)
Start importing Assets/Space_Exploration_GUI_Kit/Picto_Icons/White/fast-forward-32.png using Guid(f8c8abf819ff41d498ecaaef8d807292) Importer(815301076,1909f56bfc062723c751e8b465ee728b) (PreviewImporter) -> (artifact id: '74634cf2ce6cb4f4d9c9eef6caa22201') in 0.0176258 seconds
Number of updated asset objects reloaded before import = 0Number of asset objects unloaded after import = 3

========================================================================
Received Import Request.
  Time since last request: 0.000027 seconds.
  path: Assets/Space_Exploration_GUI_Kit/Picto_Icons/White/fast-forward-128.png
  artifactKey: Guid(f17a2b763d179a04ca63dc34ffe717d4) Importer(815301076,1909f56bfc062723c751e8b465ee728b)
Start importing Assets/Space_Exploration_GUI_Kit/Picto_Icons/White/fast-forward-128.png using Guid(f17a2b763d179a04ca63dc34ffe717d4) Importer(815301076,1909f56bfc062723c751e8b465ee728b) (PreviewImporter) -> (artifact id: '48c17d57ac2434fa7b468184c9ddd854') in 0.018201 seconds
Number of updated asset objects reloaded before import = 0Number of asset objects unloaded after import = 3

========================================================================
Received Import Request.
  Time since last request: 0.000018 seconds.
  path: Assets/Space_Exploration_GUI_Kit/Picto_Icons/White/fast-forward-64.png
  artifactKey: Guid(75ded7ec8f5577043bbe3526eb6ffa4c) Importer(815301076,1909f56bfc062723c751e8b465ee728b)
Start importing Assets/Space_Exploration_GUI_Kit/Picto_Icons/White/fast-forward-64.png using Guid(75ded7ec8f5577043bbe3526eb6ffa4c) Importer(815301076,1909f56bfc062723c751e8b465ee728b) (PreviewImporter) -> (artifact id: 'dd9558334a5ad05bbcc91a14047b3d61') in 0.0171197 seconds
Number of updated asset objects reloaded before import = 0Number of asset objects unloaded after import = 3

========================================================================
Received Import Request.
  Time since last request: 0.000017 seconds.
  path: Assets/Space_Exploration_GUI_Kit/Picto_Icons/White/expand-128.png
  artifactKey: Guid(c86dbd4beee457541af7230c0137c138) Importer(815301076,1909f56bfc062723c751e8b465ee728b)
Start importing Assets/Space_Exploration_GUI_Kit/Picto_Icons/White/expand-128.png using Guid(c86dbd4beee457541af7230c0137c138) Importer(815301076,1909f56bfc062723c751e8b465ee728b) (PreviewImporter) -> (artifact id: 'ecca99b6b153291ad283be97f380ce09') in 0.0232462 seconds
Number of updated asset objects reloaded before import = 0Number of asset objects unloaded after import = 3

========================================================================
Received Import Request.
  Time since last request: 0.000015 seconds.
  path: Assets/Space_Exploration_GUI_Kit/Picto_Icons/White/full-moon-256.png
  artifactKey: Guid(2a30f1e212e98c04cbd96ff13476debc) Importer(815301076,1909f56bfc062723c751e8b465ee728b)
Start importing Assets/Space_Exploration_GUI_Kit/Picto_Icons/White/full-moon-256.png using Guid(2a30f1e212e98c04cbd96ff13476debc) Importer(815301076,1909f56bfc062723c751e8b465ee728b) (PreviewImporter) -> (artifact id: 'e259152a8cb56fa2ea702a0ea71209b6') in 0.0214009 seconds
Number of updated asset objects reloaded before import = 0Number of asset objects unloaded after import = 3

========================================================================
Received Import Request.
  Time since last request: 0.000019 seconds.
  path: Assets/Space_Exploration_GUI_Kit/Picto_Icons/White/exclamation-128.png
  artifactKey: Guid(ec01df5addabb344ba01aac05031af53) Importer(815301076,1909f56bfc062723c751e8b465ee728b)
Start importing Assets/Space_Exploration_GUI_Kit/Picto_Icons/White/exclamation-128.png using Guid(ec01df5addabb344ba01aac05031af53) Importer(815301076,1909f56bfc062723c751e8b465ee728b) (PreviewImporter) -> (artifact id: 'ab78861803f2546e6974d47ba70609c0') in 0.0143084 seconds
Number of updated asset objects reloaded before import = 0Number of asset objects unloaded after import = 3

========================================================================
Received Import Request.
  Time since last request: 0.126254 seconds.
  path: Assets/Space_Exploration_GUI_Kit/Picto_Icons/White/half-moon-64.png
  artifactKey: Guid(fff9156ffd100964ca16783768b20b06) Importer(815301076,1909f56bfc062723c751e8b465ee728b)
Start importing Assets/Space_Exploration_GUI_Kit/Picto_Icons/White/half-moon-64.png using Guid(fff9156ffd100964ca16783768b20b06) Importer(815301076,1909f56bfc062723c751e8b465ee728b) (PreviewImporter) -> (artifact id: 'b67aeff8f4eddf4b6fb0b4fa642ca175') in 0.0153816 seconds
Number of updated asset objects reloaded before import = 0Number of asset objects unloaded after import = 3

========================================================================
Received Import Request.
  Time since last request: 0.000013 seconds.
  path: Assets/Space_Exploration_GUI_Kit/Picto_Icons/White/home-256.png
  artifactKey: Guid(c0017e8c889fde94da2dc96ac8a2b133) Importer(815301076,1909f56bfc062723c751e8b465ee728b)
Start importing Assets/Space_Exploration_GUI_Kit/Picto_Icons/White/home-256.png using Guid(c0017e8c889fde94da2dc96ac8a2b133) Importer(815301076,1909f56bfc062723c751e8b465ee728b) (PreviewImporter) -> (artifact id: '6679d349e46e6a5780ae102a6d6dac48') in 0.0185938 seconds
Number of updated asset objects reloaded before import = 0Number of asset objects unloaded after import = 3

========================================================================
Received Import Request.
  Time since last request: 0.000019 seconds.
  path: Assets/Space_Exploration_GUI_Kit/Picto_Icons/White/location-64.png
  artifactKey: Guid(9daf3e561126e0147baa7cf3e3b81602) Importer(815301076,1909f56bfc062723c751e8b465ee728b)
Start importing Assets/Space_Exploration_GUI_Kit/Picto_Icons/White/location-64.png using Guid(9daf3e561126e0147baa7cf3e3b81602) Importer(815301076,1909f56bfc062723c751e8b465ee728b) (PreviewImporter) -> (artifact id: 'f7fc0281d7a2e0b0f45f256e4507f470') in 0.0170253 seconds
Number of updated asset objects reloaded before import = 0Number of asset objects unloaded after import = 3

========================================================================
Received Import Request.
  Time since last request: 0.000022 seconds.
  path: Assets/Space_Exploration_GUI_Kit/Picto_Icons/White/map-32.png
  artifactKey: Guid(b9006473225193648b876e03e8a46d1b) Importer(815301076,1909f56bfc062723c751e8b465ee728b)
Start importing Assets/Space_Exploration_GUI_Kit/Picto_Icons/White/map-32.png using Guid(b9006473225193648b876e03e8a46d1b) Importer(815301076,1909f56bfc062723c751e8b465ee728b) (PreviewImporter) -> (artifact id: '3e66287b5a0a8092ed0d787d24ac242f') in 0.0179842 seconds
Number of updated asset objects reloaded before import = 0Number of asset objects unloaded after import = 3

========================================================================
Received Import Request.
  Time since last request: 0.000014 seconds.
  path: Assets/Space_Exploration_GUI_Kit/Picto_Icons/White/left-arrow-32.png
  artifactKey: Guid(82ef89d3cd7ff914e9b07d810c3acc12) Importer(815301076,1909f56bfc062723c751e8b465ee728b)
Start importing Assets/Space_Exploration_GUI_Kit/Picto_Icons/White/left-arrow-32.png using Guid(82ef89d3cd7ff914e9b07d810c3acc12) Importer(815301076,1909f56bfc062723c751e8b465ee728b) (PreviewImporter) -> (artifact id: 'da39ec21d51027c2b932013fdc929662') in 0.0161053 seconds
Number of updated asset objects reloaded before import = 0Number of asset objects unloaded after import = 3

========================================================================
Received Import Request.
  Time since last request: 0.000017 seconds.
  path: Assets/Space_Exploration_GUI_Kit/Picto_Icons/White/link-64.png
  artifactKey: Guid(ed53068a26cb58a4bbe7faf9aba1cf5b) Importer(815301076,1909f56bfc062723c751e8b465ee728b)
Start importing Assets/Space_Exploration_GUI_Kit/Picto_Icons/White/link-64.png using Guid(ed53068a26cb58a4bbe7faf9aba1cf5b) Importer(815301076,1909f56bfc062723c751e8b465ee728b) (PreviewImporter) -> (artifact id: '9f2b233c078ee788d442cf915a8e5632') in 0.017522 seconds
Number of updated asset objects reloaded before import = 0Number of asset objects unloaded after import = 3

========================================================================
Received Import Request.
  Time since last request: 0.000013 seconds.
  path: Assets/Space_Exploration_GUI_Kit/Picto_Icons/White/like-256.png
  artifactKey: Guid(d86855c23862b3f47ade41114d3770b8) Importer(815301076,1909f56bfc062723c751e8b465ee728b)
Start importing Assets/Space_Exploration_GUI_Kit/Picto_Icons/White/like-256.png using Guid(d86855c23862b3f47ade41114d3770b8) Importer(815301076,1909f56bfc062723c751e8b465ee728b) (PreviewImporter) -> (artifact id: '4e956c7bf6d94245fd05fbfa8997aadc') in 0.0180591 seconds
Number of updated asset objects reloaded before import = 0Number of asset objects unloaded after import = 3

========================================================================
Received Import Request.
  Time since last request: 0.000015 seconds.
  path: Assets/Space_Exploration_GUI_Kit/Picto_Icons/White/lock-32.png
  artifactKey: Guid(81b1a4143fe62ec459cdb26112ccb43c) Importer(815301076,1909f56bfc062723c751e8b465ee728b)
Start importing Assets/Space_Exploration_GUI_Kit/Picto_Icons/White/lock-32.png using Guid(81b1a4143fe62ec459cdb26112ccb43c) Importer(815301076,1909f56bfc062723c751e8b465ee728b) (PreviewImporter) -> (artifact id: '644d3442aa56315dfc956183dbecf412') in 0.0183342 seconds
Number of updated asset objects reloaded before import = 0Number of asset objects unloaded after import = 3

========================================================================
Received Import Request.
  Time since last request: 0.000026 seconds.
  path: Assets/Space_Exploration_GUI_Kit/Picto_Icons/White/link-128.png
  artifactKey: Guid(93c748f2a6675d041a4c448fffc7dcd4) Importer(815301076,1909f56bfc062723c751e8b465ee728b)
Start importing Assets/Space_Exploration_GUI_Kit/Picto_Icons/White/link-128.png using Guid(93c748f2a6675d041a4c448fffc7dcd4) Importer(815301076,1909f56bfc062723c751e8b465ee728b) (PreviewImporter) -> (artifact id: '95a737feed395a20cfde6c593077bc4a') in 0.0158647 seconds
Number of updated asset objects reloaded before import = 0Number of asset objects unloaded after import = 3

========================================================================
Received Import Request.
  Time since last request: 0.000016 seconds.
  path: Assets/Space_Exploration_GUI_Kit/Picto_Icons/White/menu-32.png
  artifactKey: Guid(b1c761fabddbbb249b26dfc35c559d64) Importer(815301076,1909f56bfc062723c751e8b465ee728b)
Start importing Assets/Space_Exploration_GUI_Kit/Picto_Icons/White/menu-32.png using Guid(b1c761fabddbbb249b26dfc35c559d64) Importer(815301076,1909f56bfc062723c751e8b465ee728b) (PreviewImporter) -> (artifact id: '8559d72ea44275c684afe4c99b748c29') in 0.0158266 seconds
Number of updated asset objects reloaded before import = 0Number of asset objects unloaded after import = 3

========================================================================
Received Import Request.
  Time since last request: 0.000019 seconds.
  path: Assets/Space_Exploration_GUI_Kit/Picto_Icons/White/music-128.png
  artifactKey: Guid(975fe490279240a4aa2c5bafde10acac) Importer(815301076,1909f56bfc062723c751e8b465ee728b)
Start importing Assets/Space_Exploration_GUI_Kit/Picto_Icons/White/music-128.png using Guid(975fe490279240a4aa2c5bafde10acac) Importer(815301076,1909f56bfc062723c751e8b465ee728b) (PreviewImporter) -> (artifact id: '78aed55487a66a7f36bf349891e8d2ab') in 0.0162055 seconds
Number of updated asset objects reloaded before import = 0Number of asset objects unloaded after import = 3

========================================================================
Received Import Request.
  Time since last request: 0.000015 seconds.
  path: Assets/Space_Exploration_GUI_Kit/Picto_Icons/White/mushroom-32.png
  artifactKey: Guid(29e2b9e613fcf824cbf1184a828e90a2) Importer(815301076,1909f56bfc062723c751e8b465ee728b)
Start importing Assets/Space_Exploration_GUI_Kit/Picto_Icons/White/mushroom-32.png using Guid(29e2b9e613fcf824cbf1184a828e90a2) Importer(815301076,1909f56bfc062723c751e8b465ee728b) (PreviewImporter) -> (artifact id: '12d852c0cc1afe96d68c160df75b83bd') in 0.0183667 seconds
Number of updated asset objects reloaded before import = 0Number of asset objects unloaded after import = 3

========================================================================
Received Import Request.
  Time since last request: 0.000015 seconds.
  path: Assets/Space_Exploration_GUI_Kit/Picto_Icons/White/music-off-128.png
  artifactKey: Guid(c7d440e08fefa5841876deb1358341b2) Importer(815301076,1909f56bfc062723c751e8b465ee728b)
Start importing Assets/Space_Exploration_GUI_Kit/Picto_Icons/White/music-off-128.png using Guid(c7d440e08fefa5841876deb1358341b2) Importer(815301076,1909f56bfc062723c751e8b465ee728b) (PreviewImporter) -> (artifact id: '1a8647a5d3749fc5db7b1d8ee8e4b41a') in 0.0184142 seconds
Number of updated asset objects reloaded before import = 0Number of asset objects unloaded after import = 3

========================================================================
Received Import Request.
  Time since last request: 0.000022 seconds.
  path: Assets/Space_Exploration_GUI_Kit/Picto_Icons/White/mushroom-128.png
  artifactKey: Guid(9e9aa1db00f980b4fb32b864657e26a2) Importer(815301076,1909f56bfc062723c751e8b465ee728b)
Start importing Assets/Space_Exploration_GUI_Kit/Picto_Icons/White/mushroom-128.png using Guid(9e9aa1db00f980b4fb32b864657e26a2) Importer(815301076,1909f56bfc062723c751e8b465ee728b) (PreviewImporter) -> (artifact id: 'e73b9f44c5cf67f5ea31f145ec42cc6b') in 0.0178428 seconds
Number of updated asset objects reloaded before import = 0Number of asset objects unloaded after import = 3

========================================================================
Received Import Request.
  Time since last request: 0.000018 seconds.
  path: Assets/Space_Exploration_GUI_Kit/Picto_Icons/White/page-32.png
  artifactKey: Guid(7d785683fc5b9384b9b1baf18127d59e) Importer(815301076,1909f56bfc062723c751e8b465ee728b)
Start importing Assets/Space_Exploration_GUI_Kit/Picto_Icons/White/page-32.png using Guid(7d785683fc5b9384b9b1baf18127d59e) Importer(815301076,1909f56bfc062723c751e8b465ee728b) (PreviewImporter) -> (artifact id: '35d621090151069c53e9f9546c85b058') in 0.0169456 seconds
Number of updated asset objects reloaded before import = 0Number of asset objects unloaded after import = 3

========================================================================
Received Import Request.
  Time since last request: 0.000021 seconds.
  path: Assets/Space_Exploration_GUI_Kit/Picto_Icons/White/picture-128.png
  artifactKey: Guid(63c7a9e27b8be5e40afaf45184b400ee) Importer(815301076,1909f56bfc062723c751e8b465ee728b)
Start importing Assets/Space_Exploration_GUI_Kit/Picto_Icons/White/picture-128.png using Guid(63c7a9e27b8be5e40afaf45184b400ee) Importer(815301076,1909f56bfc062723c751e8b465ee728b) (PreviewImporter) -> (artifact id: '3674ddc30613164d2e94a20628b1691a') in 0.0174961 seconds
Number of updated asset objects reloaded before import = 0Number of asset objects unloaded after import = 3

========================================================================
Received Import Request.
  Time since last request: 0.000012 seconds.
  path: Assets/Space_Exploration_GUI_Kit/Picto_Icons/White/power-64.png
  artifactKey: Guid(8587c9fb13a645c498cd5ad8e5b11c66) Importer(815301076,1909f56bfc062723c751e8b465ee728b)
Start importing Assets/Space_Exploration_GUI_Kit/Picto_Icons/White/power-64.png using Guid(8587c9fb13a645c498cd5ad8e5b11c66) Importer(815301076,1909f56bfc062723c751e8b465ee728b) (PreviewImporter) -> (artifact id: 'd3dc9a334427706883fd561105037d86') in 0.0172016 seconds
Number of updated asset objects reloaded before import = 0Number of asset objects unloaded after import = 3

========================================================================
Received Import Request.
  Time since last request: 0.000019 seconds.
  path: Assets/Space_Exploration_GUI_Kit/Picto_Icons/White/person-32.png
  artifactKey: Guid(6642fa60ae05cca4a8c9ec4f6aed3390) Importer(815301076,1909f56bfc062723c751e8b465ee728b)
Start importing Assets/Space_Exploration_GUI_Kit/Picto_Icons/White/person-32.png using Guid(6642fa60ae05cca4a8c9ec4f6aed3390) Importer(815301076,1909f56bfc062723c751e8b465ee728b) (PreviewImporter) -> (artifact id: 'afc638376b67d59ca79be73dd3643038') in 0.0181702 seconds
Number of updated asset objects reloaded before import = 0Number of asset objects unloaded after import = 3

========================================================================
Received Import Request.
  Time since last request: 0.000023 seconds.
  path: Assets/Space_Exploration_GUI_Kit/Picto_Icons/White/power-128.png
  artifactKey: Guid(971bd5c98b4099049ad2ba215cc09f75) Importer(815301076,1909f56bfc062723c751e8b465ee728b)
Start importing Assets/Space_Exploration_GUI_Kit/Picto_Icons/White/power-128.png using Guid(971bd5c98b4099049ad2ba215cc09f75) Importer(815301076,1909f56bfc062723c751e8b465ee728b) (PreviewImporter) -> (artifact id: '65287df32e71c97f35474c54cb6659fd') in 0.0167117 seconds
Number of updated asset objects reloaded before import = 0Number of asset objects unloaded after import = 3

========================================================================
Received Import Request.
  Time since last request: 0.000017 seconds.
  path: Assets/Space_Exploration_GUI_Kit/Picto_Icons/White/page-128.png
  artifactKey: Guid(5aac5f1b5ae208e4a8408734df2a5762) Importer(815301076,1909f56bfc062723c751e8b465ee728b)
Start importing Assets/Space_Exploration_GUI_Kit/Picto_Icons/White/page-128.png using Guid(5aac5f1b5ae208e4a8408734df2a5762) Importer(815301076,1909f56bfc062723c751e8b465ee728b) (PreviewImporter) -> (artifact id: 'e85df3971fc7f3465309444e11c78ed9') in 0.0168123 seconds
Number of updated asset objects reloaded before import = 0Number of asset objects unloaded after import = 3

========================================================================
Received Import Request.
  Time since last request: 0.000014 seconds.
  path: Assets/Space_Exploration_GUI_Kit/Picto_Icons/White/right-128.png
  artifactKey: Guid(05ce28b3a6758d14ea8f0cf678230162) Importer(815301076,1909f56bfc062723c751e8b465ee728b)
Start importing Assets/Space_Exploration_GUI_Kit/Picto_Icons/White/right-128.png using Guid(05ce28b3a6758d14ea8f0cf678230162) Importer(815301076,1909f56bfc062723c751e8b465ee728b) (PreviewImporter) -> (artifact id: '5510e9df7212549438f33e4390e46613') in 0.0157619 seconds
Number of updated asset objects reloaded before import = 0Number of asset objects unloaded after import = 3

========================================================================
Received Import Request.
  Time since last request: 0.000015 seconds.
  path: Assets/Space_Exploration_GUI_Kit/Picto_Icons/White/mic-off-128.png
  artifactKey: Guid(0aefcecbeacb5d0439816945234dc881) Importer(815301076,1909f56bfc062723c751e8b465ee728b)
Start importing Assets/Space_Exploration_GUI_Kit/Picto_Icons/White/mic-off-128.png using Guid(0aefcecbeacb5d0439816945234dc881) Importer(815301076,1909f56bfc062723c751e8b465ee728b) (PreviewImporter) -> (artifact id: '7af78aaa9376dc7cb0d9d79c2092780f') in 0.0149721 seconds
Number of updated asset objects reloaded before import = 0Number of asset objects unloaded after import = 3

========================================================================
Received Import Request.
  Time since last request: 0.000025 seconds.
  path: Assets/Space_Exploration_GUI_Kit/Picto_Icons/White/ranking-64.png
  artifactKey: Guid(7dae3da20eb42a44aab82240e124a218) Importer(815301076,1909f56bfc062723c751e8b465ee728b)
Start importing Assets/Space_Exploration_GUI_Kit/Picto_Icons/White/ranking-64.png using Guid(7dae3da20eb42a44aab82240e124a218) Importer(815301076,1909f56bfc062723c751e8b465ee728b) (PreviewImporter) -> (artifact id: 'faec7a9aabf64cc585b73ad8a8f8be93') in 0.0159962 seconds
Number of updated asset objects reloaded before import = 0Number of asset objects unloaded after import = 3

========================================================================
Received Import Request.
  Time since last request: 0.000025 seconds.
  path: Assets/Space_Exploration_GUI_Kit/Picto_Icons/White/redo-32.png
  artifactKey: Guid(a55575eafd3b4bb439b18387c32e8c86) Importer(815301076,1909f56bfc062723c751e8b465ee728b)
Start importing Assets/Space_Exploration_GUI_Kit/Picto_Icons/White/redo-32.png using Guid(a55575eafd3b4bb439b18387c32e8c86) Importer(815301076,1909f56bfc062723c751e8b465ee728b) (PreviewImporter) -> (artifact id: '4ea255668145caed2e009f01821873b5') in 0.01493 seconds
Number of updated asset objects reloaded before import = 0Number of asset objects unloaded after import = 3

========================================================================
Received Import Request.
  Time since last request: 0.000016 seconds.
  path: Assets/Space_Exploration_GUI_Kit/Picto_Icons/White/magnifying-64.png
  artifactKey: Guid(4b3fad8b070ca5e4c9e72fea78c5fa61) Importer(815301076,1909f56bfc062723c751e8b465ee728b)
Start importing Assets/Space_Exploration_GUI_Kit/Picto_Icons/White/magnifying-64.png using Guid(4b3fad8b070ca5e4c9e72fea78c5fa61) Importer(815301076,1909f56bfc062723c751e8b465ee728b) (PreviewImporter) -> (artifact id: '0c332b2d0f5081f8b1a71b72125fb857') in 0.0146134 seconds
Number of updated asset objects reloaded before import = 0Number of asset objects unloaded after import = 3

========================================================================
Received Import Request.
  Time since last request: 0.000017 seconds.
  path: Assets/Space_Exploration_GUI_Kit/Picto_Icons/White/like-64.png
  artifactKey: Guid(351970b1ba01b084a950a360607025c3) Importer(815301076,1909f56bfc062723c751e8b465ee728b)
Start importing Assets/Space_Exploration_GUI_Kit/Picto_Icons/White/like-64.png using Guid(351970b1ba01b084a950a360607025c3) Importer(815301076,1909f56bfc062723c751e8b465ee728b) (PreviewImporter) -> (artifact id: '9d773980911e6fca433d0bf37d157b8f') in 0.017058 seconds
Number of updated asset objects reloaded before import = 0Number of asset objects unloaded after import = 3

========================================================================
Received Import Request.
  Time since last request: 0.000017 seconds.
  path: Assets/Space_Exploration_GUI_Kit/Picto_Icons/White/menu-64.png
  artifactKey: Guid(3c6c45195b23cc34eb22f1215bcc8fc4) Importer(815301076,1909f56bfc062723c751e8b465ee728b)
Start importing Assets/Space_Exploration_GUI_Kit/Picto_Icons/White/menu-64.png using Guid(3c6c45195b23cc34eb22f1215bcc8fc4) Importer(815301076,1909f56bfc062723c751e8b465ee728b) (PreviewImporter) -> (artifact id: '5134b1a12b5712a9b7d56b5d82cd59ed') in 0.0154195 seconds
Number of updated asset objects reloaded before import = 0Number of asset objects unloaded after import = 3

========================================================================
Received Import Request.
  Time since last request: 0.000018 seconds.
  path: Assets/Space_Exploration_GUI_Kit/Picto_Icons/White/right-arrow-128.png
  artifactKey: Guid(4cd8e39400fc53d49966deda827c7d32) Importer(815301076,1909f56bfc062723c751e8b465ee728b)
Start importing Assets/Space_Exploration_GUI_Kit/Picto_Icons/White/right-arrow-128.png using Guid(4cd8e39400fc53d49966deda827c7d32) Importer(815301076,1909f56bfc062723c751e8b465ee728b) (PreviewImporter) -> (artifact id: 'c44c0388b943c182f867ccf10bc3a52b') in 0.01962 seconds
Number of updated asset objects reloaded before import = 0Number of asset objects unloaded after import = 3

========================================================================
Received Import Request.
  Time since last request: 0.000023 seconds.
  path: Assets/Space_Exploration_GUI_Kit/Picto_Icons/White/no-wifi-32.png
  artifactKey: Guid(754761744af263d43801502fe0cd22a2) Importer(815301076,1909f56bfc062723c751e8b465ee728b)
Start importing Assets/Space_Exploration_GUI_Kit/Picto_Icons/White/no-wifi-32.png using Guid(754761744af263d43801502fe0cd22a2) Importer(815301076,1909f56bfc062723c751e8b465ee728b) (PreviewImporter) -> (artifact id: '52fc9718157ef10b2af3ab17ad5e561c') in 0.0165013 seconds
Number of updated asset objects reloaded before import = 0Number of asset objects unloaded after import = 3

========================================================================
Received Import Request.
  Time since last request: 0.000015 seconds.
  path: Assets/Space_Exploration_GUI_Kit/Picto_Icons/White/person-64.png
  artifactKey: Guid(3192e0061b5b4644ab81667a892c7aee) Importer(815301076,1909f56bfc062723c751e8b465ee728b)
Start importing Assets/Space_Exploration_GUI_Kit/Picto_Icons/White/person-64.png using Guid(3192e0061b5b4644ab81667a892c7aee) Importer(815301076,1909f56bfc062723c751e8b465ee728b) (PreviewImporter) -> (artifact id: 'ab216641bb86a839bcb6f0fae6b37263') in 0.0140612 seconds
Number of updated asset objects reloaded before import = 0Number of asset objects unloaded after import = 3

========================================================================
Received Import Request.
  Time since last request: 0.000015 seconds.
  path: Assets/Space_Exploration_GUI_Kit/Picto_Icons/White/page-64.png
  artifactKey: Guid(b46d99f7376fc54449eca52a58d12733) Importer(815301076,1909f56bfc062723c751e8b465ee728b)
Start importing Assets/Space_Exploration_GUI_Kit/Picto_Icons/White/page-64.png using Guid(b46d99f7376fc54449eca52a58d12733) Importer(815301076,1909f56bfc062723c751e8b465ee728b) (PreviewImporter) -> (artifact id: '6ffc0e6b9cc9233211fe4762fc4129b0') in 0.013764 seconds
Number of updated asset objects reloaded before import = 0Number of asset objects unloaded after import = 3

========================================================================
Received Import Request.
  Time since last request: 0.000017 seconds.
  path: Assets/Space_Exploration_GUI_Kit/Picto_Icons/White/mail-64.png
  artifactKey: Guid(26494ef57e9e6d7478ab7fc2c80f03b2) Importer(815301076,1909f56bfc062723c751e8b465ee728b)
Start importing Assets/Space_Exploration_GUI_Kit/Picto_Icons/White/mail-64.png using Guid(26494ef57e9e6d7478ab7fc2c80f03b2) Importer(815301076,1909f56bfc062723c751e8b465ee728b) (PreviewImporter) -> (artifact id: '515b8efee3a91134dfd48e6334c0b10d') in 0.0167823 seconds
Number of updated asset objects reloaded before import = 0Number of asset objects unloaded after import = 3

Editor requested this worker to shutdown with reason: Scaling down because of idle timeout
AssetImportWorker is now disconnected from the server
Process exiting
Exiting without the bug reporter. Application will terminate with return code 0